running develop
/usr/lib/python3/dist-packages/setuptools/command/easy_install.py:158: EasyInstallDeprecationWarning: easy_install command is deprecated. Use build and pip and other standards-based tools.
  warnings.warn(
/usr/lib/python3/dist-packages/setuptools/command/install.py:34: SetuptoolsDeprecationWarning: setup.py install is deprecated. Use build and pip and other standards-based tools.
  warnings.warn(
Removing /home/pc/dev_src/install/teleop_pc/lib/python3.10/site-packages/teleop-pc.egg-link (link to .)
running egg_info
writing ../../build/teleop_pc/teleop_pc.egg-info/PKG-INFO
writing dependency_links to ../../build/teleop_pc/teleop_pc.egg-info/dependency_links.txt
writing entry points to ../../build/teleop_pc/teleop_pc.egg-info/entry_points.txt
writing requirements to ../../build/teleop_pc/teleop_pc.egg-info/requires.txt
writing top-level names to ../../build/teleop_pc/teleop_pc.egg-info/top_level.txt
reading manifest file '../../build/teleop_pc/teleop_pc.egg-info/SOURCES.txt'
writing manifest file '../../build/teleop_pc/teleop_pc.egg-info/SOURCES.txt'
running build
running build_py
copying teleop_pc/teleop_pc_node.py -> /home/pc/dev_src/build/teleop_pc/build/lib/teleop_pc
running install
/usr/lib/python3/dist-packages/setuptools/command/install.py:34: SetuptoolsDeprecationWarning: setup.py install is deprecated. Use build and pip and other standards-based tools.
  warnings.warn(
running install_lib
creating /home/pc/dev_src/install/teleop_pc/lib/python3.10/site-packages/teleop_pc
copying /home/pc/dev_src/build/teleop_pc/build/lib/teleop_pc/__init__.py -> /home/pc/dev_src/install/teleop_pc/lib/python3.10/site-packages/teleop_pc
copying /home/pc/dev_src/build/teleop_pc/build/lib/teleop_pc/teleop_pc_node.py -> /home/pc/dev_src/install/teleop_pc/lib/python3.10/site-packages/teleop_pc
byte-compiling /home/pc/dev_src/install/teleop_pc/lib/python3.10/site-packages/teleop_pc/__init__.py to __init__.cpython-310.pyc
byte-compiling /home/pc/dev_src/install/teleop_pc/lib/python3.10/site-packages/teleop_pc/teleop_pc_node.py to teleop_pc_node.cpython-310.pyc
running install_data
running install_egg_info
Copying ../../build/teleop_pc/teleop_pc.egg-info to /home/pc/dev_src/install/teleop_pc/lib/python3.10/site-packages/teleop_pc-0.0.0-py3.10.egg-info
running install_scripts
Installing teleop_pc_node script to /home/pc/dev_src/install/teleop_pc/lib/teleop_pc
writing list of installed files to '/home/pc/dev_src/build/teleop_pc/install.log'
