[3.445s] DEBUG:colcon:Command line arguments: ['/usr/bin/colcon', 'list', '-p', '--base-paths', '/home/pc/dev_src']
[3.445s] DEBUG:colcon:Parsed command line arguments: Namespace(log_base=None, log_level=None, verb_name='list', build_base='build', ignore_user_meta=False, metas=['./colcon.meta'], base_paths=['/home/pc/dev_src'], packages_ignore=None, packages_ignore_regex=None, paths=None, packages_up_to=None, packages_up_to_regex=None, packages_above=None, packages_above_and_dependencies=None, packages_above_depth=None, packages_select_by_dep=None, packages_skip_by_dep=None, packages_skip_up_to=None, packages_select_build_failed=False, packages_skip_build_finished=False, packages_select_test_failures=False, packages_skip_test_passed=False, packages_select=None, packages_skip=None, packages_select_regex=None, packages_skip_regex=None, packages_start=None, packages_end=None, allow_overriding=[], topological_order=False, names_only=False, paths_only=True, topological_graph=False, topological_graph_dot=False, topological_graph_density=False, topological_graph_legend=False, topological_graph_dot_cluster=False, topological_graph_dot_include_skipped=False, verb_parser=<colcon_defaults.argument_parser.defaults.DefaultArgumentsDecorator object at 0x7ff84dfbbac0>, verb_extension=<colcon_package_information.verb.list.ListVerb object at 0x7ff84dfb9f30>, main=<bound method ListVerb.main of <colcon_package_information.verb.list.ListVerb object at 0x7ff84dfb9f30>>)
[3.540s] Level 1:colcon.colcon_core.package_discovery:discover_packages(colcon_meta) check parameters
[3.541s] Level 1:colcon.colcon_core.package_discovery:discover_packages(recursive) check parameters
[3.541s] Level 1:colcon.colcon_core.package_discovery:discover_packages(ignore) check parameters
[3.541s] Level 1:colcon.colcon_core.package_discovery:discover_packages(path) check parameters
[3.541s] Level 1:colcon.colcon_core.package_discovery:discover_packages(recursive) discover
[3.541s] INFO:colcon.colcon_core.package_discovery:Crawling recursively for packages in '/home/pc/dev_src'
[3.547s] Level 1:colcon.colcon_core.package_identification:_identify(/home/pc/dev_src) by extensions ['ignore', 'ignore_ament_install']
[3.548s] Level 1:colcon.colcon_core.package_identification:_identify(/home/pc/dev_src) by extension 'ignore'
[3.548s] Level 1:colcon.colcon_core.package_identification:_identify(/home/pc/dev_src) by extension 'ignore_ament_install'
[3.548s] Level 1:colcon.colcon_core.package_identification:_identify(/home/pc/dev_src) by extensions ['colcon_pkg']
[3.548s] Level 1:colcon.colcon_core.package_identification:_identify(/home/pc/dev_src) by extension 'colcon_pkg'
[3.548s] Level 1:colcon.colcon_core.package_identification:_identify(/home/pc/dev_src) by extensions ['colcon_meta']
[3.548s] Level 1:colcon.colcon_core.package_identification:_identify(/home/pc/dev_src) by extension 'colcon_meta'
[3.548s] Level 1:colcon.colcon_core.package_identification:_identify(/home/pc/dev_src) by extensions ['ros']
[3.548s] Level 1:colcon.colcon_core.package_identification:_identify(/home/pc/dev_src) by extension 'ros'
[3.560s] Level 1:colcon.colcon_core.package_identification:_identify(/home/pc/dev_src) by extensions ['cmake', 'python']
[3.560s] Level 1:colcon.colcon_core.package_identification:_identify(/home/pc/dev_src) by extension 'cmake'
[3.560s] Level 1:colcon.colcon_core.package_identification:_identify(/home/pc/dev_src) by extension 'python'
[3.560s] Level 1:colcon.colcon_core.package_identification:_identify(/home/pc/dev_src) by extensions ['python_setup_py']
[3.560s] Level 1:colcon.colcon_core.package_identification:_identify(/home/pc/dev_src) by extension 'python_setup_py'
[3.560s] Level 1:colcon.colcon_core.package_identification:_identify(/home/pc/dev_src/build) by extensions ['ignore', 'ignore_ament_install']
[3.560s] Level 1:colcon.colcon_core.package_identification:_identify(/home/pc/dev_src/build) by extension 'ignore'
[3.560s] Level 1:colcon.colcon_core.package_identification:_identify(/home/pc/dev_src/build) ignored
[3.561s] Level 1:colcon.colcon_core.package_identification:_identify(/home/pc/dev_src/install) by extensions ['ignore', 'ignore_ament_install']
[3.561s] Level 1:colcon.colcon_core.package_identification:_identify(/home/pc/dev_src/install) by extension 'ignore'
[3.561s] Level 1:colcon.colcon_core.package_identification:_identify(/home/pc/dev_src/install) ignored
[3.561s] Level 1:colcon.colcon_core.package_identification:_identify(/home/pc/dev_src/log) by extensions ['ignore', 'ignore_ament_install']
[3.561s] Level 1:colcon.colcon_core.package_identification:_identify(/home/pc/dev_src/log) by extension 'ignore'
[3.561s] Level 1:colcon.colcon_core.package_identification:_identify(/home/pc/dev_src/log) ignored
[3.561s] Level 1:colcon.colcon_core.package_identification:_identify(/home/pc/dev_src/src) by extensions ['ignore', 'ignore_ament_install']
[3.561s] Level 1:colcon.colcon_core.package_identification:_identify(/home/pc/dev_src/src) by extension 'ignore'
[3.561s] Level 1:colcon.colcon_core.package_identification:_identify(/home/pc/dev_src/src) by extension 'ignore_ament_install'
[3.561s] Level 1:colcon.colcon_core.package_identification:_identify(/home/pc/dev_src/src) by extensions ['colcon_pkg']
[3.561s] Level 1:colcon.colcon_core.package_identification:_identify(/home/pc/dev_src/src) by extension 'colcon_pkg'
[3.561s] Level 1:colcon.colcon_core.package_identification:_identify(/home/pc/dev_src/src) by extensions ['colcon_meta']
[3.561s] Level 1:colcon.colcon_core.package_identification:_identify(/home/pc/dev_src/src) by extension 'colcon_meta'
[3.561s] Level 1:colcon.colcon_core.package_identification:_identify(/home/pc/dev_src/src) by extensions ['ros']
[3.562s] Level 1:colcon.colcon_core.package_identification:_identify(/home/pc/dev_src/src) by extension 'ros'
[3.562s] Level 1:colcon.colcon_core.package_identification:_identify(/home/pc/dev_src/src) by extensions ['cmake', 'python']
[3.562s] Level 1:colcon.colcon_core.package_identification:_identify(/home/pc/dev_src/src) by extension 'cmake'
[3.562s] Level 1:colcon.colcon_core.package_identification:_identify(/home/pc/dev_src/src) by extension 'python'
[3.562s] Level 1:colcon.colcon_core.package_identification:_identify(/home/pc/dev_src/src) by extensions ['python_setup_py']
[3.562s] Level 1:colcon.colcon_core.package_identification:_identify(/home/pc/dev_src/src) by extension 'python_setup_py'
[3.562s] Level 1:colcon.colcon_core.package_identification:_identify(/home/pc/dev_src/src/teleop_pc) by extensions ['ignore', 'ignore_ament_install']
[3.562s] Level 1:colcon.colcon_core.package_identification:_identify(/home/pc/dev_src/src/teleop_pc) by extension 'ignore'
[3.562s] Level 1:colcon.colcon_core.package_identification:_identify(/home/pc/dev_src/src/teleop_pc) by extension 'ignore_ament_install'
[3.562s] Level 1:colcon.colcon_core.package_identification:_identify(/home/pc/dev_src/src/teleop_pc) by extensions ['colcon_pkg']
[3.562s] Level 1:colcon.colcon_core.package_identification:_identify(/home/pc/dev_src/src/teleop_pc) by extension 'colcon_pkg'
[3.562s] Level 1:colcon.colcon_core.package_identification:_identify(/home/pc/dev_src/src/teleop_pc) by extensions ['colcon_meta']
[3.562s] Level 1:colcon.colcon_core.package_identification:_identify(/home/pc/dev_src/src/teleop_pc) by extension 'colcon_meta'
[3.562s] Level 1:colcon.colcon_core.package_identification:_identify(/home/pc/dev_src/src/teleop_pc) by extensions ['ros']
[3.562s] Level 1:colcon.colcon_core.package_identification:_identify(/home/pc/dev_src/src/teleop_pc) by extension 'ros'
[3.565s] DEBUG:colcon.colcon_core.package_identification:Package '/home/pc/dev_src/src/teleop_pc' with type 'ros.ament_python' and name 'teleop_pc'
[3.565s] Level 1:colcon.colcon_core.package_discovery:discover_packages(recursive) using defaults
