[1.182s] DEBUG:colcon:Command line arguments: ['/usr/bin/colcon', 'build', '--symlink-install', '--cmake-args=-DCMAKE_BUILD_TYPE=Release']
[1.182s] DEBUG:colcon:Parsed command line arguments: Namespace(log_base=None, log_level=None, verb_name='build', build_base='build', install_base='install', merge_install=False, symlink_install=True, test_result_base=None, continue_on_error=False, executor='parallel', parallel_workers=2, event_handlers=None, ignore_user_meta=False, metas=['./colcon.meta'], base_paths=['.'], packages_ignore=None, packages_ignore_regex=None, paths=None, packages_up_to=None, packages_up_to_regex=None, packages_above=None, packages_above_and_dependencies=None, packages_above_depth=None, packages_select_by_dep=None, packages_skip_by_dep=None, packages_skip_up_to=None, packages_select_build_failed=False, packages_skip_build_finished=False, packages_select_test_failures=False, packages_skip_test_passed=False, packages_select=None, packages_skip=None, packages_select_regex=None, packages_skip_regex=None, packages_start=None, packages_end=None, allow_overriding=[], cmake_args=['-DCMAKE_BUILD_TYPE=Release'], cmake_target=None, cmake_target_skip_unavailable=False, cmake_clean_cache=False, cmake_clean_first=False, cmake_force_configure=False, ament_cmake_args=None, catkin_cmake_args=None, catkin_skip_building_tests=False, verb_parser=<colcon_defaults.argument_parser.defaults.DefaultArgumentsDecorator object at 0x7f6059699780>, verb_extension=<colcon_core.verb.build.BuildVerb object at 0x7f605969ae00>, main=<bound method BuildVerb.main of <colcon_core.verb.build.BuildVerb object at 0x7f605969ae00>>)
[1.235s] Level 1:colcon.colcon_core.package_discovery:discover_packages(colcon_meta) check parameters
[1.235s] Level 1:colcon.colcon_core.package_discovery:discover_packages(recursive) check parameters
[1.236s] Level 1:colcon.colcon_core.package_discovery:discover_packages(ignore) check parameters
[1.236s] Level 1:colcon.colcon_core.package_discovery:discover_packages(path) check parameters
[1.236s] Level 1:colcon.colcon_core.package_discovery:discover_packages(colcon_meta) discover
[1.236s] Level 1:colcon.colcon_core.package_discovery:discover_packages(recursive) discover
[1.236s] INFO:colcon.colcon_core.package_discovery:Crawling recursively for packages in '/home/pc/dev_src'
[1.236s] Level 1:colcon.colcon_core.package_identification:_identify(.) by extensions ['ignore', 'ignore_ament_install']
[1.236s] Level 1:colcon.colcon_core.package_identification:_identify(.) by extension 'ignore'
[1.236s] Level 1:colcon.colcon_core.package_identification:_identify(.) by extension 'ignore_ament_install'
[1.236s] Level 1:colcon.colcon_core.package_identification:_identify(.) by extensions ['colcon_pkg']
[1.236s] Level 1:colcon.colcon_core.package_identification:_identify(.) by extension 'colcon_pkg'
[1.236s] Level 1:colcon.colcon_core.package_identification:_identify(.) by extensions ['colcon_meta']
[1.236s] Level 1:colcon.colcon_core.package_identification:_identify(.) by extension 'colcon_meta'
[1.237s] Level 1:colcon.colcon_core.package_identification:_identify(.) by extensions ['ros']
[1.237s] Level 1:colcon.colcon_core.package_identification:_identify(.) by extension 'ros'
[1.254s] Level 1:colcon.colcon_core.package_identification:_identify(.) by extensions ['cmake', 'python']
[1.254s] Level 1:colcon.colcon_core.package_identification:_identify(.) by extension 'cmake'
[1.254s] Level 1:colcon.colcon_core.package_identification:_identify(.) by extension 'python'
[1.254s] Level 1:colcon.colcon_core.package_identification:_identify(.) by extensions ['python_setup_py']
[1.254s] Level 1:colcon.colcon_core.package_identification:_identify(.) by extension 'python_setup_py'
[1.254s] Level 1:colcon.colcon_core.package_identification:_identify(build) by extensions ['ignore', 'ignore_ament_install']
[1.254s] Level 1:colcon.colcon_core.package_identification:_identify(build) by extension 'ignore'
[1.254s] Level 1:colcon.colcon_core.package_identification:_identify(build) ignored
[1.255s] Level 1:colcon.colcon_core.package_identification:_identify(install) by extensions ['ignore', 'ignore_ament_install']
[1.255s] Level 1:colcon.colcon_core.package_identification:_identify(install) by extension 'ignore'
[1.255s] Level 1:colcon.colcon_core.package_identification:_identify(install) ignored
[1.255s] Level 1:colcon.colcon_core.package_identification:_identify(log) by extensions ['ignore', 'ignore_ament_install']
[1.255s] Level 1:colcon.colcon_core.package_identification:_identify(log) by extension 'ignore'
[1.255s] Level 1:colcon.colcon_core.package_identification:_identify(log) ignored
[1.255s] Level 1:colcon.colcon_core.package_identification:_identify(src) by extensions ['ignore', 'ignore_ament_install']
[1.255s] Level 1:colcon.colcon_core.package_identification:_identify(src) by extension 'ignore'
[1.255s] Level 1:colcon.colcon_core.package_identification:_identify(src) by extension 'ignore_ament_install'
[1.255s] Level 1:colcon.colcon_core.package_identification:_identify(src) by extensions ['colcon_pkg']
[1.256s] Level 1:colcon.colcon_core.package_identification:_identify(src) by extension 'colcon_pkg'
[1.256s] Level 1:colcon.colcon_core.package_identification:_identify(src) by extensions ['colcon_meta']
[1.256s] Level 1:colcon.colcon_core.package_identification:_identify(src) by extension 'colcon_meta'
[1.256s] Level 1:colcon.colcon_core.package_identification:_identify(src) by extensions ['ros']
[1.256s] Level 1:colcon.colcon_core.package_identification:_identify(src) by extension 'ros'
[1.256s] Level 1:colcon.colcon_core.package_identification:_identify(src) by extensions ['cmake', 'python']
[1.256s] Level 1:colcon.colcon_core.package_identification:_identify(src) by extension 'cmake'
[1.256s] Level 1:colcon.colcon_core.package_identification:_identify(src) by extension 'python'
[1.256s] Level 1:colcon.colcon_core.package_identification:_identify(src) by extensions ['python_setup_py']
[1.256s] Level 1:colcon.colcon_core.package_identification:_identify(src) by extension 'python_setup_py'
[1.256s] Level 1:colcon.colcon_core.package_identification:_identify(src/ldrobot-lidar-ros2) by extensions ['ignore', 'ignore_ament_install']
[1.256s] Level 1:colcon.colcon_core.package_identification:_identify(src/ldrobot-lidar-ros2) by extension 'ignore'
[1.256s] Level 1:colcon.colcon_core.package_identification:_identify(src/ldrobot-lidar-ros2) by extension 'ignore_ament_install'
[1.256s] Level 1:colcon.colcon_core.package_identification:_identify(src/ldrobot-lidar-ros2) by extensions ['colcon_pkg']
[1.256s] Level 1:colcon.colcon_core.package_identification:_identify(src/ldrobot-lidar-ros2) by extension 'colcon_pkg'
[1.256s] Level 1:colcon.colcon_core.package_identification:_identify(src/ldrobot-lidar-ros2) by extensions ['colcon_meta']
[1.257s] Level 1:colcon.colcon_core.package_identification:_identify(src/ldrobot-lidar-ros2) by extension 'colcon_meta'
[1.257s] Level 1:colcon.colcon_core.package_identification:_identify(src/ldrobot-lidar-ros2) by extensions ['ros']
[1.257s] Level 1:colcon.colcon_core.package_identification:_identify(src/ldrobot-lidar-ros2) by extension 'ros'
[1.257s] Level 1:colcon.colcon_core.package_identification:_identify(src/ldrobot-lidar-ros2) by extensions ['cmake', 'python']
[1.257s] Level 1:colcon.colcon_core.package_identification:_identify(src/ldrobot-lidar-ros2) by extension 'cmake'
[1.257s] Level 1:colcon.colcon_core.package_identification:_identify(src/ldrobot-lidar-ros2) by extension 'python'
[1.257s] Level 1:colcon.colcon_core.package_identification:_identify(src/ldrobot-lidar-ros2) by extensions ['python_setup_py']
[1.257s] Level 1:colcon.colcon_core.package_identification:_identify(src/ldrobot-lidar-ros2) by extension 'python_setup_py'
[1.259s] Level 1:colcon.colcon_core.package_identification:_identify(src/ldrobot-lidar-ros2/3d_model) by extensions ['ignore', 'ignore_ament_install']
[1.259s] Level 1:colcon.colcon_core.package_identification:_identify(src/ldrobot-lidar-ros2/3d_model) by extension 'ignore'
[1.259s] Level 1:colcon.colcon_core.package_identification:_identify(src/ldrobot-lidar-ros2/3d_model) by extension 'ignore_ament_install'
[1.260s] Level 1:colcon.colcon_core.package_identification:_identify(src/ldrobot-lidar-ros2/3d_model) by extensions ['colcon_pkg']
[1.260s] Level 1:colcon.colcon_core.package_identification:_identify(src/ldrobot-lidar-ros2/3d_model) by extension 'colcon_pkg'
[1.260s] Level 1:colcon.colcon_core.package_identification:_identify(src/ldrobot-lidar-ros2/3d_model) by extensions ['colcon_meta']
[1.260s] Level 1:colcon.colcon_core.package_identification:_identify(src/ldrobot-lidar-ros2/3d_model) by extension 'colcon_meta'
[1.260s] Level 1:colcon.colcon_core.package_identification:_identify(src/ldrobot-lidar-ros2/3d_model) by extensions ['ros']
[1.260s] Level 1:colcon.colcon_core.package_identification:_identify(src/ldrobot-lidar-ros2/3d_model) by extension 'ros'
[1.260s] Level 1:colcon.colcon_core.package_identification:_identify(src/ldrobot-lidar-ros2/3d_model) by extensions ['cmake', 'python']
[1.260s] Level 1:colcon.colcon_core.package_identification:_identify(src/ldrobot-lidar-ros2/3d_model) by extension 'cmake'
[1.260s] Level 1:colcon.colcon_core.package_identification:_identify(src/ldrobot-lidar-ros2/3d_model) by extension 'python'
[1.260s] Level 1:colcon.colcon_core.package_identification:_identify(src/ldrobot-lidar-ros2/3d_model) by extensions ['python_setup_py']
[1.260s] Level 1:colcon.colcon_core.package_identification:_identify(src/ldrobot-lidar-ros2/3d_model) by extension 'python_setup_py'
[1.260s] Level 1:colcon.colcon_core.package_identification:_identify(src/ldrobot-lidar-ros2/docs) by extensions ['ignore', 'ignore_ament_install']
[1.261s] Level 1:colcon.colcon_core.package_identification:_identify(src/ldrobot-lidar-ros2/docs) by extension 'ignore'
[1.261s] Level 1:colcon.colcon_core.package_identification:_identify(src/ldrobot-lidar-ros2/docs) by extension 'ignore_ament_install'
[1.261s] Level 1:colcon.colcon_core.package_identification:_identify(src/ldrobot-lidar-ros2/docs) by extensions ['colcon_pkg']
[1.261s] Level 1:colcon.colcon_core.package_identification:_identify(src/ldrobot-lidar-ros2/docs) by extension 'colcon_pkg'
[1.261s] Level 1:colcon.colcon_core.package_identification:_identify(src/ldrobot-lidar-ros2/docs) by extensions ['colcon_meta']
[1.261s] Level 1:colcon.colcon_core.package_identification:_identify(src/ldrobot-lidar-ros2/docs) by extension 'colcon_meta'
[1.261s] Level 1:colcon.colcon_core.package_identification:_identify(src/ldrobot-lidar-ros2/docs) by extensions ['ros']
[1.261s] Level 1:colcon.colcon_core.package_identification:_identify(src/ldrobot-lidar-ros2/docs) by extension 'ros'
[1.261s] Level 1:colcon.colcon_core.package_identification:_identify(src/ldrobot-lidar-ros2/docs) by extensions ['cmake', 'python']
[1.261s] Level 1:colcon.colcon_core.package_identification:_identify(src/ldrobot-lidar-ros2/docs) by extension 'cmake'
[1.261s] Level 1:colcon.colcon_core.package_identification:_identify(src/ldrobot-lidar-ros2/docs) by extension 'python'
[1.261s] Level 1:colcon.colcon_core.package_identification:_identify(src/ldrobot-lidar-ros2/docs) by extensions ['python_setup_py']
[1.261s] Level 1:colcon.colcon_core.package_identification:_identify(src/ldrobot-lidar-ros2/docs) by extension 'python_setup_py'
[1.261s] Level 1:colcon.colcon_core.package_identification:_identify(src/ldrobot-lidar-ros2/images) by extensions ['ignore', 'ignore_ament_install']
[1.262s] Level 1:colcon.colcon_core.package_identification:_identify(src/ldrobot-lidar-ros2/images) by extension 'ignore'
[1.262s] Level 1:colcon.colcon_core.package_identification:_identify(src/ldrobot-lidar-ros2/images) by extension 'ignore_ament_install'
[1.262s] Level 1:colcon.colcon_core.package_identification:_identify(src/ldrobot-lidar-ros2/images) by extensions ['colcon_pkg']
[1.262s] Level 1:colcon.colcon_core.package_identification:_identify(src/ldrobot-lidar-ros2/images) by extension 'colcon_pkg'
[1.262s] Level 1:colcon.colcon_core.package_identification:_identify(src/ldrobot-lidar-ros2/images) by extensions ['colcon_meta']
[1.262s] Level 1:colcon.colcon_core.package_identification:_identify(src/ldrobot-lidar-ros2/images) by extension 'colcon_meta'
[1.262s] Level 1:colcon.colcon_core.package_identification:_identify(src/ldrobot-lidar-ros2/images) by extensions ['ros']
[1.262s] Level 1:colcon.colcon_core.package_identification:_identify(src/ldrobot-lidar-ros2/images) by extension 'ros'
[1.262s] Level 1:colcon.colcon_core.package_identification:_identify(src/ldrobot-lidar-ros2/images) by extensions ['cmake', 'python']
[1.262s] Level 1:colcon.colcon_core.package_identification:_identify(src/ldrobot-lidar-ros2/images) by extension 'cmake'
[1.262s] Level 1:colcon.colcon_core.package_identification:_identify(src/ldrobot-lidar-ros2/images) by extension 'python'
[1.262s] Level 1:colcon.colcon_core.package_identification:_identify(src/ldrobot-lidar-ros2/images) by extensions ['python_setup_py']
[1.262s] Level 1:colcon.colcon_core.package_identification:_identify(src/ldrobot-lidar-ros2/images) by extension 'python_setup_py'
[1.262s] Level 1:colcon.colcon_core.package_identification:_identify(src/ldrobot-lidar-ros2/ldlidar) by extensions ['ignore', 'ignore_ament_install']
[1.263s] Level 1:colcon.colcon_core.package_identification:_identify(src/ldrobot-lidar-ros2/ldlidar) by extension 'ignore'
[1.263s] Level 1:colcon.colcon_core.package_identification:_identify(src/ldrobot-lidar-ros2/ldlidar) by extension 'ignore_ament_install'
[1.263s] Level 1:colcon.colcon_core.package_identification:_identify(src/ldrobot-lidar-ros2/ldlidar) by extensions ['colcon_pkg']
[1.263s] Level 1:colcon.colcon_core.package_identification:_identify(src/ldrobot-lidar-ros2/ldlidar) by extension 'colcon_pkg'
[1.263s] Level 1:colcon.colcon_core.package_identification:_identify(src/ldrobot-lidar-ros2/ldlidar) by extensions ['colcon_meta']
[1.263s] Level 1:colcon.colcon_core.package_identification:_identify(src/ldrobot-lidar-ros2/ldlidar) by extension 'colcon_meta'
[1.263s] Level 1:colcon.colcon_core.package_identification:_identify(src/ldrobot-lidar-ros2/ldlidar) by extensions ['ros']
[1.263s] Level 1:colcon.colcon_core.package_identification:_identify(src/ldrobot-lidar-ros2/ldlidar) by extension 'ros'
[1.266s] DEBUG:colcon.colcon_core.package_identification:Package 'src/ldrobot-lidar-ros2/ldlidar' with type 'ros.ament_cmake' and name 'ldlidar'
[1.272s] Level 1:colcon.colcon_core.package_identification:_identify(src/ldrobot-lidar-ros2/ldlidar_component) by extensions ['ignore', 'ignore_ament_install']
[1.272s] Level 1:colcon.colcon_core.package_identification:_identify(src/ldrobot-lidar-ros2/ldlidar_component) by extension 'ignore'
[1.272s] Level 1:colcon.colcon_core.package_identification:_identify(src/ldrobot-lidar-ros2/ldlidar_component) by extension 'ignore_ament_install'
[1.272s] Level 1:colcon.colcon_core.package_identification:_identify(src/ldrobot-lidar-ros2/ldlidar_component) by extensions ['colcon_pkg']
[1.272s] Level 1:colcon.colcon_core.package_identification:_identify(src/ldrobot-lidar-ros2/ldlidar_component) by extension 'colcon_pkg'
[1.272s] Level 1:colcon.colcon_core.package_identification:_identify(src/ldrobot-lidar-ros2/ldlidar_component) by extensions ['colcon_meta']
[1.272s] Level 1:colcon.colcon_core.package_identification:_identify(src/ldrobot-lidar-ros2/ldlidar_component) by extension 'colcon_meta'
[1.273s] Level 1:colcon.colcon_core.package_identification:_identify(src/ldrobot-lidar-ros2/ldlidar_component) by extensions ['ros']
[1.273s] Level 1:colcon.colcon_core.package_identification:_identify(src/ldrobot-lidar-ros2/ldlidar_component) by extension 'ros'
[1.274s] DEBUG:colcon.colcon_core.package_identification:Package 'src/ldrobot-lidar-ros2/ldlidar_component' with type 'ros.ament_cmake' and name 'ldlidar_component'
[1.275s] Level 1:colcon.colcon_core.package_identification:_identify(src/ldrobot-lidar-ros2/ldlidar_node) by extensions ['ignore', 'ignore_ament_install']
[1.275s] Level 1:colcon.colcon_core.package_identification:_identify(src/ldrobot-lidar-ros2/ldlidar_node) by extension 'ignore'
[1.275s] Level 1:colcon.colcon_core.package_identification:_identify(src/ldrobot-lidar-ros2/ldlidar_node) by extension 'ignore_ament_install'
[1.275s] Level 1:colcon.colcon_core.package_identification:_identify(src/ldrobot-lidar-ros2/ldlidar_node) by extensions ['colcon_pkg']
[1.275s] Level 1:colcon.colcon_core.package_identification:_identify(src/ldrobot-lidar-ros2/ldlidar_node) by extension 'colcon_pkg'
[1.275s] Level 1:colcon.colcon_core.package_identification:_identify(src/ldrobot-lidar-ros2/ldlidar_node) by extensions ['colcon_meta']
[1.275s] Level 1:colcon.colcon_core.package_identification:_identify(src/ldrobot-lidar-ros2/ldlidar_node) by extension 'colcon_meta'
[1.275s] Level 1:colcon.colcon_core.package_identification:_identify(src/ldrobot-lidar-ros2/ldlidar_node) by extensions ['ros']
[1.275s] Level 1:colcon.colcon_core.package_identification:_identify(src/ldrobot-lidar-ros2/ldlidar_node) by extension 'ros'
[1.276s] DEBUG:colcon.colcon_core.package_identification:Package 'src/ldrobot-lidar-ros2/ldlidar_node' with type 'ros.ament_cmake' and name 'ldlidar_node'
[1.276s] Level 1:colcon.colcon_core.package_identification:_identify(src/ldrobot-lidar-ros2/rules) by extensions ['ignore', 'ignore_ament_install']
[1.276s] Level 1:colcon.colcon_core.package_identification:_identify(src/ldrobot-lidar-ros2/rules) by extension 'ignore'
[1.276s] Level 1:colcon.colcon_core.package_identification:_identify(src/ldrobot-lidar-ros2/rules) by extension 'ignore_ament_install'
[1.277s] Level 1:colcon.colcon_core.package_identification:_identify(src/ldrobot-lidar-ros2/rules) by extensions ['colcon_pkg']
[1.277s] Level 1:colcon.colcon_core.package_identification:_identify(src/ldrobot-lidar-ros2/rules) by extension 'colcon_pkg'
[1.277s] Level 1:colcon.colcon_core.package_identification:_identify(src/ldrobot-lidar-ros2/rules) by extensions ['colcon_meta']
[1.277s] Level 1:colcon.colcon_core.package_identification:_identify(src/ldrobot-lidar-ros2/rules) by extension 'colcon_meta'
[1.277s] Level 1:colcon.colcon_core.package_identification:_identify(src/ldrobot-lidar-ros2/rules) by extensions ['ros']
[1.277s] Level 1:colcon.colcon_core.package_identification:_identify(src/ldrobot-lidar-ros2/rules) by extension 'ros'
[1.277s] Level 1:colcon.colcon_core.package_identification:_identify(src/ldrobot-lidar-ros2/rules) by extensions ['cmake', 'python']
[1.277s] Level 1:colcon.colcon_core.package_identification:_identify(src/ldrobot-lidar-ros2/rules) by extension 'cmake'
[1.277s] Level 1:colcon.colcon_core.package_identification:_identify(src/ldrobot-lidar-ros2/rules) by extension 'python'
[1.277s] Level 1:colcon.colcon_core.package_identification:_identify(src/ldrobot-lidar-ros2/rules) by extensions ['python_setup_py']
[1.277s] Level 1:colcon.colcon_core.package_identification:_identify(src/ldrobot-lidar-ros2/rules) by extension 'python_setup_py'
[1.277s] Level 1:colcon.colcon_core.package_identification:_identify(src/ldrobot-lidar-ros2/scripts) by extensions ['ignore', 'ignore_ament_install']
[1.277s] Level 1:colcon.colcon_core.package_identification:_identify(src/ldrobot-lidar-ros2/scripts) by extension 'ignore'
[1.277s] Level 1:colcon.colcon_core.package_identification:_identify(src/ldrobot-lidar-ros2/scripts) by extension 'ignore_ament_install'
[1.277s] Level 1:colcon.colcon_core.package_identification:_identify(src/ldrobot-lidar-ros2/scripts) by extensions ['colcon_pkg']
[1.278s] Level 1:colcon.colcon_core.package_identification:_identify(src/ldrobot-lidar-ros2/scripts) by extension 'colcon_pkg'
[1.278s] Level 1:colcon.colcon_core.package_identification:_identify(src/ldrobot-lidar-ros2/scripts) by extensions ['colcon_meta']
[1.278s] Level 1:colcon.colcon_core.package_identification:_identify(src/ldrobot-lidar-ros2/scripts) by extension 'colcon_meta'
[1.278s] Level 1:colcon.colcon_core.package_identification:_identify(src/ldrobot-lidar-ros2/scripts) by extensions ['ros']
[1.278s] Level 1:colcon.colcon_core.package_identification:_identify(src/ldrobot-lidar-ros2/scripts) by extension 'ros'
[1.278s] Level 1:colcon.colcon_core.package_identification:_identify(src/ldrobot-lidar-ros2/scripts) by extensions ['cmake', 'python']
[1.278s] Level 1:colcon.colcon_core.package_identification:_identify(src/ldrobot-lidar-ros2/scripts) by extension 'cmake'
[1.278s] Level 1:colcon.colcon_core.package_identification:_identify(src/ldrobot-lidar-ros2/scripts) by extension 'python'
[1.278s] Level 1:colcon.colcon_core.package_identification:_identify(src/ldrobot-lidar-ros2/scripts) by extensions ['python_setup_py']
[1.278s] Level 1:colcon.colcon_core.package_identification:_identify(src/ldrobot-lidar-ros2/scripts) by extension 'python_setup_py'
[1.278s] Level 1:colcon.colcon_core.package_identification:_identify(src/teleop_pc) by extensions ['ignore', 'ignore_ament_install']
[1.278s] Level 1:colcon.colcon_core.package_identification:_identify(src/teleop_pc) by extension 'ignore'
[1.278s] Level 1:colcon.colcon_core.package_identification:_identify(src/teleop_pc) by extension 'ignore_ament_install'
[1.278s] Level 1:colcon.colcon_core.package_identification:_identify(src/teleop_pc) by extensions ['colcon_pkg']
[1.278s] Level 1:colcon.colcon_core.package_identification:_identify(src/teleop_pc) by extension 'colcon_pkg'
[1.278s] Level 1:colcon.colcon_core.package_identification:_identify(src/teleop_pc) by extensions ['colcon_meta']
[1.278s] Level 1:colcon.colcon_core.package_identification:_identify(src/teleop_pc) by extension 'colcon_meta'
[1.278s] Level 1:colcon.colcon_core.package_identification:_identify(src/teleop_pc) by extensions ['ros']
[1.278s] Level 1:colcon.colcon_core.package_identification:_identify(src/teleop_pc) by extension 'ros'
[1.279s] DEBUG:colcon.colcon_core.package_identification:Package 'src/teleop_pc' with type 'ros.ament_python' and name 'teleop_pc'
[1.279s] Level 1:colcon.colcon_core.package_discovery:discover_packages(recursive) using defaults
[1.279s] Level 1:colcon.colcon_core.package_discovery:discover_packages(ignore) discover
[1.279s] Level 1:colcon.colcon_core.package_discovery:discover_packages(ignore) using defaults
[1.279s] Level 1:colcon.colcon_core.package_discovery:discover_packages(path) discover
[1.279s] Level 1:colcon.colcon_core.package_discovery:discover_packages(path) using defaults
[1.393s] Level 1:colcon.colcon_core.package_discovery:discover_packages(prefix_path) check parameters
[1.393s] Level 1:colcon.colcon_core.package_discovery:discover_packages(prefix_path) discover
[1.427s] DEBUG:colcon.colcon_installed_package_information.package_discovery:Found 280 installed packages in /opt/ros/humble
[1.429s] Level 1:colcon.colcon_core.package_discovery:discover_packages(prefix_path) using defaults
[1.535s] Level 5:colcon.colcon_core.verb:set package 'ldlidar_component' build argument 'cmake_args' from command line to '['-DCMAKE_BUILD_TYPE=Release']'
[1.535s] Level 5:colcon.colcon_core.verb:set package 'ldlidar_component' build argument 'cmake_target' from command line to 'None'
[1.535s] Level 5:colcon.colcon_core.verb:set package 'ldlidar_component' build argument 'cmake_target_skip_unavailable' from command line to 'False'
[1.535s] Level 5:colcon.colcon_core.verb:set package 'ldlidar_component' build argument 'cmake_clean_cache' from command line to 'False'
[1.535s] Level 5:colcon.colcon_core.verb:set package 'ldlidar_component' build argument 'cmake_clean_first' from command line to 'False'
[1.535s] Level 5:colcon.colcon_core.verb:set package 'ldlidar_component' build argument 'cmake_force_configure' from command line to 'False'
[1.535s] Level 5:colcon.colcon_core.verb:set package 'ldlidar_component' build argument 'ament_cmake_args' from command line to 'None'
[1.535s] Level 5:colcon.colcon_core.verb:set package 'ldlidar_component' build argument 'catkin_cmake_args' from command line to 'None'
[1.535s] Level 5:colcon.colcon_core.verb:set package 'ldlidar_component' build argument 'catkin_skip_building_tests' from command line to 'False'
[1.535s] DEBUG:colcon.colcon_core.verb:Building package 'ldlidar_component' with the following arguments: {'ament_cmake_args': None, 'build_base': '/home/pc/dev_src/build/ldlidar_component', 'catkin_cmake_args': None, 'catkin_skip_building_tests': False, 'cmake_args': ['-DCMAKE_BUILD_TYPE=Release'], 'cmake_clean_cache': False, 'cmake_clean_first': False, 'cmake_force_configure': False, 'cmake_target': None, 'cmake_target_skip_unavailable': False, 'install_base': '/home/pc/dev_src/install/ldlidar_component', 'merge_install': False, 'path': '/home/pc/dev_src/src/ldrobot-lidar-ros2/ldlidar_component', 'symlink_install': True, 'test_result_base': None}
[1.553s] Level 5:colcon.colcon_core.verb:set package 'teleop_pc' build argument 'cmake_args' from command line to '['-DCMAKE_BUILD_TYPE=Release']'
[1.553s] Level 5:colcon.colcon_core.verb:set package 'teleop_pc' build argument 'cmake_target' from command line to 'None'
[1.553s] Level 5:colcon.colcon_core.verb:set package 'teleop_pc' build argument 'cmake_target_skip_unavailable' from command line to 'False'
[1.553s] Level 5:colcon.colcon_core.verb:set package 'teleop_pc' build argument 'cmake_clean_cache' from command line to 'False'
[1.553s] Level 5:colcon.colcon_core.verb:set package 'teleop_pc' build argument 'cmake_clean_first' from command line to 'False'
[1.553s] Level 5:colcon.colcon_core.verb:set package 'teleop_pc' build argument 'cmake_force_configure' from command line to 'False'
[1.553s] Level 5:colcon.colcon_core.verb:set package 'teleop_pc' build argument 'ament_cmake_args' from command line to 'None'
[1.553s] Level 5:colcon.colcon_core.verb:set package 'teleop_pc' build argument 'catkin_cmake_args' from command line to 'None'
[1.553s] Level 5:colcon.colcon_core.verb:set package 'teleop_pc' build argument 'catkin_skip_building_tests' from command line to 'False'
[1.553s] DEBUG:colcon.colcon_core.verb:Building package 'teleop_pc' with the following arguments: {'ament_cmake_args': None, 'build_base': '/home/pc/dev_src/build/teleop_pc', 'catkin_cmake_args': None, 'catkin_skip_building_tests': False, 'cmake_args': ['-DCMAKE_BUILD_TYPE=Release'], 'cmake_clean_cache': False, 'cmake_clean_first': False, 'cmake_force_configure': False, 'cmake_target': None, 'cmake_target_skip_unavailable': False, 'install_base': '/home/pc/dev_src/install/teleop_pc', 'merge_install': False, 'path': '/home/pc/dev_src/src/teleop_pc', 'symlink_install': True, 'test_result_base': None}
[1.572s] Level 5:colcon.colcon_core.verb:set package 'ldlidar_node' build argument 'cmake_args' from command line to '['-DCMAKE_BUILD_TYPE=Release']'
[1.573s] Level 5:colcon.colcon_core.verb:set package 'ldlidar_node' build argument 'cmake_target' from command line to 'None'
[1.573s] Level 5:colcon.colcon_core.verb:set package 'ldlidar_node' build argument 'cmake_target_skip_unavailable' from command line to 'False'
[1.573s] Level 5:colcon.colcon_core.verb:set package 'ldlidar_node' build argument 'cmake_clean_cache' from command line to 'False'
[1.573s] Level 5:colcon.colcon_core.verb:set package 'ldlidar_node' build argument 'cmake_clean_first' from command line to 'False'
[1.573s] Level 5:colcon.colcon_core.verb:set package 'ldlidar_node' build argument 'cmake_force_configure' from command line to 'False'
[1.573s] Level 5:colcon.colcon_core.verb:set package 'ldlidar_node' build argument 'ament_cmake_args' from command line to 'None'
[1.573s] Level 5:colcon.colcon_core.verb:set package 'ldlidar_node' build argument 'catkin_cmake_args' from command line to 'None'
[1.573s] Level 5:colcon.colcon_core.verb:set package 'ldlidar_node' build argument 'catkin_skip_building_tests' from command line to 'False'
[1.573s] DEBUG:colcon.colcon_core.verb:Building package 'ldlidar_node' with the following arguments: {'ament_cmake_args': None, 'build_base': '/home/pc/dev_src/build/ldlidar_node', 'catkin_cmake_args': None, 'catkin_skip_building_tests': False, 'cmake_args': ['-DCMAKE_BUILD_TYPE=Release'], 'cmake_clean_cache': False, 'cmake_clean_first': False, 'cmake_force_configure': False, 'cmake_target': None, 'cmake_target_skip_unavailable': False, 'install_base': '/home/pc/dev_src/install/ldlidar_node', 'merge_install': False, 'path': '/home/pc/dev_src/src/ldrobot-lidar-ros2/ldlidar_node', 'symlink_install': True, 'test_result_base': None}
[1.589s] Level 5:colcon.colcon_core.verb:set package 'ldlidar' build argument 'cmake_args' from command line to '['-DCMAKE_BUILD_TYPE=Release']'
[1.589s] Level 5:colcon.colcon_core.verb:set package 'ldlidar' build argument 'cmake_target' from command line to 'None'
[1.589s] Level 5:colcon.colcon_core.verb:set package 'ldlidar' build argument 'cmake_target_skip_unavailable' from command line to 'False'
[1.589s] Level 5:colcon.colcon_core.verb:set package 'ldlidar' build argument 'cmake_clean_cache' from command line to 'False'
[1.589s] Level 5:colcon.colcon_core.verb:set package 'ldlidar' build argument 'cmake_clean_first' from command line to 'False'
[1.589s] Level 5:colcon.colcon_core.verb:set package 'ldlidar' build argument 'cmake_force_configure' from command line to 'False'
[1.589s] Level 5:colcon.colcon_core.verb:set package 'ldlidar' build argument 'ament_cmake_args' from command line to 'None'
[1.589s] Level 5:colcon.colcon_core.verb:set package 'ldlidar' build argument 'catkin_cmake_args' from command line to 'None'
[1.589s] Level 5:colcon.colcon_core.verb:set package 'ldlidar' build argument 'catkin_skip_building_tests' from command line to 'False'
[1.589s] DEBUG:colcon.colcon_core.verb:Building package 'ldlidar' with the following arguments: {'ament_cmake_args': None, 'build_base': '/home/pc/dev_src/build/ldlidar', 'catkin_cmake_args': None, 'catkin_skip_building_tests': False, 'cmake_args': ['-DCMAKE_BUILD_TYPE=Release'], 'cmake_clean_cache': False, 'cmake_clean_first': False, 'cmake_force_configure': False, 'cmake_target': None, 'cmake_target_skip_unavailable': False, 'install_base': '/home/pc/dev_src/install/ldlidar', 'merge_install': False, 'path': '/home/pc/dev_src/src/ldrobot-lidar-ros2/ldlidar', 'symlink_install': True, 'test_result_base': None}
[1.612s] INFO:colcon.colcon_core.executor:Executing jobs using 'parallel' executor
[1.636s] DEBUG:colcon.colcon_parallel_executor.executor.parallel:run_until_complete
[1.637s] INFO:colcon.colcon_ros.task.ament_cmake.build:Building ROS package in '/home/pc/dev_src/src/ldrobot-lidar-ros2/ldlidar_component' with build type 'ament_cmake'
[1.637s] INFO:colcon.colcon_cmake.task.cmake.build:Building CMake package in '/home/pc/dev_src/src/ldrobot-lidar-ros2/ldlidar_component'
[1.682s] INFO:colcon.colcon_core.plugin_system:Skipping extension 'colcon_core.shell.bat': Not used on non-Windows systems
[1.682s] INFO:colcon.colcon_core.shell:Skip shell extension 'powershell' for command environment: Not usable outside of PowerShell
[1.682s] DEBUG:colcon.colcon_core.shell:Skip shell extension 'dsv' for command environment
[1.730s] INFO:colcon.colcon_ros.task.ament_python.build:Building ROS package in '/home/pc/dev_src/src/teleop_pc' with build type 'ament_python'
[1.730s] Level 1:colcon.colcon_core.shell:create_environment_hook('teleop_pc', 'ament_prefix_path')
[1.750s] INFO:colcon.colcon_core.shell:Creating environment hook '/home/pc/dev_src/install/teleop_pc/share/teleop_pc/hook/ament_prefix_path.ps1'
[1.751s] INFO:colcon.colcon_core.shell:Creating environment descriptor '/home/pc/dev_src/install/teleop_pc/share/teleop_pc/hook/ament_prefix_path.dsv'
[1.754s] INFO:colcon.colcon_core.shell:Creating environment hook '/home/pc/dev_src/install/teleop_pc/share/teleop_pc/hook/ament_prefix_path.sh'
[1.777s] INFO:colcon.colcon_core.shell:Skip shell extension 'powershell' for command environment: Not usable outside of PowerShell
[1.777s] DEBUG:colcon.colcon_core.shell:Skip shell extension 'dsv' for command environment
[1.828s] DEBUG:colcon.colcon_core.event_handler.log_command:Invoking command in '/home/pc/dev_src/build/ldlidar_component': CMAKE_PREFIX_PATH=/opt/ros/humble /usr/bin/cmake /home/pc/dev_src/src/ldrobot-lidar-ros2/ldlidar_component -DCMAKE_BUILD_TYPE=Release -DAMENT_CMAKE_SYMLINK_INSTALL=1 -DCMAKE_INSTALL_PREFIX=/home/pc/dev_src/install/ldlidar_component
[2.294s] INFO:colcon.colcon_core.task.python.build:Building Python package in '/home/pc/dev_src/src/teleop_pc'
[2.328s] INFO:colcon.colcon_core.shell:Skip shell extension 'powershell' for command environment: Not usable outside of PowerShell
[2.341s] DEBUG:colcon.colcon_core.shell:Skip shell extension 'dsv' for command environment
[2.828s] DEBUG:colcon.colcon_core.event_handler.log_command:Invoking command in '/home/pc/dev_src/build/teleop_pc': PYTHONPATH=/home/pc/dev_src/build/teleop_pc/prefix_override:/home/pc/dev_src/install/teleop_pc/lib/python3.10/site-packages:${PYTHONPATH} /usr/bin/python3 setup.py develop --editable --build-directory /home/pc/dev_src/build/teleop_pc/build --no-deps install_data
[3.327s] Level 1:colcon.colcon_core.shell:create_environment_hook('teleop_pc', 'pythonpath_develop')
[3.328s] DEBUG:colcon.colcon_core.event_handler.log_command:Invoked command in '/home/pc/dev_src/build/teleop_pc' returned '0': PYTHONPATH=/home/pc/dev_src/build/teleop_pc/prefix_override:/home/pc/dev_src/install/teleop_pc/lib/python3.10/site-packages:${PYTHONPATH} /usr/bin/python3 setup.py develop --editable --build-directory /home/pc/dev_src/build/teleop_pc/build --no-deps install_data
[3.344s] INFO:colcon.colcon_core.shell:Creating environment hook '/home/pc/dev_src/build/teleop_pc/share/teleop_pc/hook/pythonpath_develop.ps1'
[3.345s] INFO:colcon.colcon_core.shell:Creating environment descriptor '/home/pc/dev_src/build/teleop_pc/share/teleop_pc/hook/pythonpath_develop.dsv'
[3.346s] INFO:colcon.colcon_core.shell:Creating environment hook '/home/pc/dev_src/build/teleop_pc/share/teleop_pc/hook/pythonpath_develop.sh'
[3.367s] Level 1:colcon.colcon_core.environment:checking '/home/pc/dev_src/install/teleop_pc' for CMake module files
[3.368s] Level 1:colcon.colcon_core.environment:checking '/home/pc/dev_src/install/teleop_pc' for CMake config files
[3.369s] Level 1:colcon.colcon_core.environment:checking '/home/pc/dev_src/install/teleop_pc/lib'
[3.370s] Level 1:colcon.colcon_core.environment:checking '/home/pc/dev_src/install/teleop_pc/bin'
[3.370s] Level 1:colcon.colcon_core.environment:checking '/home/pc/dev_src/install/teleop_pc/lib/pkgconfig/teleop_pc.pc'
[3.370s] Level 1:colcon.colcon_core.environment:checking '/home/pc/dev_src/install/teleop_pc/lib/python3.10/site-packages'
[3.370s] Level 1:colcon.colcon_core.shell:create_environment_hook('teleop_pc', 'pythonpath')
[3.388s] INFO:colcon.colcon_core.shell:Creating environment hook '/home/pc/dev_src/install/teleop_pc/share/teleop_pc/hook/pythonpath.ps1'
[3.389s] INFO:colcon.colcon_core.shell:Creating environment descriptor '/home/pc/dev_src/install/teleop_pc/share/teleop_pc/hook/pythonpath.dsv'
[3.390s] INFO:colcon.colcon_core.shell:Creating environment hook '/home/pc/dev_src/install/teleop_pc/share/teleop_pc/hook/pythonpath.sh'
[3.390s] Level 1:colcon.colcon_core.environment:checking '/home/pc/dev_src/install/teleop_pc/bin'
[3.390s] Level 1:colcon.colcon_core.environment:create_environment_scripts_only(teleop_pc)
[3.406s] INFO:colcon.colcon_core.shell:Creating package script '/home/pc/dev_src/install/teleop_pc/share/teleop_pc/package.ps1'
[3.408s] INFO:colcon.colcon_core.shell:Creating package descriptor '/home/pc/dev_src/install/teleop_pc/share/teleop_pc/package.dsv'
[3.409s] INFO:colcon.colcon_core.shell:Creating package script '/home/pc/dev_src/install/teleop_pc/share/teleop_pc/package.sh'
[3.409s] INFO:colcon.colcon_core.shell:Creating package script '/home/pc/dev_src/install/teleop_pc/share/teleop_pc/package.bash'
[3.410s] INFO:colcon.colcon_core.shell:Creating package script '/home/pc/dev_src/install/teleop_pc/share/teleop_pc/package.zsh'
[3.411s] Level 1:colcon.colcon_core.environment:create_file_with_runtime_dependencies(/home/pc/dev_src/install/teleop_pc/share/colcon-core/packages/teleop_pc)
[5.089s] DEBUG:colcon.colcon_core.event_handler.log_command:Invoked command in '/home/pc/dev_src/build/ldlidar_component' returned '0': CMAKE_PREFIX_PATH=/opt/ros/humble /usr/bin/cmake /home/pc/dev_src/src/ldrobot-lidar-ros2/ldlidar_component -DCMAKE_BUILD_TYPE=Release -DAMENT_CMAKE_SYMLINK_INSTALL=1 -DCMAKE_INSTALL_PREFIX=/home/pc/dev_src/install/ldlidar_component
[5.090s] DEBUG:colcon.colcon_core.event_handler.log_command:Invoking command in '/home/pc/dev_src/build/ldlidar_component': CMAKE_PREFIX_PATH=/opt/ros/humble /usr/bin/cmake --build /home/pc/dev_src/build/ldlidar_component -- -j2 -l2
[16.025s] DEBUG:colcon.colcon_core.event_handler.log_command:Invoked command in '/home/pc/dev_src/build/ldlidar_component' returned '0': CMAKE_PREFIX_PATH=/opt/ros/humble /usr/bin/cmake --build /home/pc/dev_src/build/ldlidar_component -- -j2 -l2
[16.069s] DEBUG:colcon.colcon_core.event_handler.log_command:Invoking command in '/home/pc/dev_src/build/ldlidar_component': CMAKE_PREFIX_PATH=/opt/ros/humble /usr/bin/cmake --install /home/pc/dev_src/build/ldlidar_component
[16.378s] Level 1:colcon.colcon_core.environment:create_environment_scripts_only(ldlidar_component)
[16.379s] DEBUG:colcon.colcon_core.event_handler.log_command:Invoked command in '/home/pc/dev_src/build/ldlidar_component' returned '0': CMAKE_PREFIX_PATH=/opt/ros/humble /usr/bin/cmake --install /home/pc/dev_src/build/ldlidar_component
[16.458s] Level 1:colcon.colcon_core.environment:checking '/home/pc/dev_src/install/ldlidar_component' for CMake module files
[16.458s] Level 1:colcon.colcon_core.environment:checking '/home/pc/dev_src/install/ldlidar_component' for CMake config files
[16.459s] Level 1:colcon.colcon_core.shell:create_environment_hook('ldlidar_component', 'cmake_prefix_path')
[16.475s] INFO:colcon.colcon_core.shell:Creating environment hook '/home/pc/dev_src/install/ldlidar_component/share/ldlidar_component/hook/cmake_prefix_path.ps1'
[16.476s] INFO:colcon.colcon_core.shell:Creating environment descriptor '/home/pc/dev_src/install/ldlidar_component/share/ldlidar_component/hook/cmake_prefix_path.dsv'
[16.477s] INFO:colcon.colcon_core.shell:Creating environment hook '/home/pc/dev_src/install/ldlidar_component/share/ldlidar_component/hook/cmake_prefix_path.sh'
[16.478s] Level 1:colcon.colcon_core.environment:checking '/home/pc/dev_src/install/ldlidar_component/lib'
[16.478s] Level 1:colcon.colcon_core.shell:create_environment_hook('ldlidar_component', 'ld_library_path_lib')
[16.494s] INFO:colcon.colcon_core.shell:Creating environment hook '/home/pc/dev_src/install/ldlidar_component/share/ldlidar_component/hook/ld_library_path_lib.ps1'
[16.495s] INFO:colcon.colcon_core.shell:Creating environment descriptor '/home/pc/dev_src/install/ldlidar_component/share/ldlidar_component/hook/ld_library_path_lib.dsv'
[16.495s] INFO:colcon.colcon_core.shell:Creating environment hook '/home/pc/dev_src/install/ldlidar_component/share/ldlidar_component/hook/ld_library_path_lib.sh'
[16.495s] Level 1:colcon.colcon_core.environment:checking '/home/pc/dev_src/install/ldlidar_component/bin'
[16.496s] Level 1:colcon.colcon_core.environment:checking '/home/pc/dev_src/install/ldlidar_component/lib/pkgconfig/ldlidar_component.pc'
[16.496s] Level 1:colcon.colcon_core.environment:checking '/home/pc/dev_src/install/ldlidar_component/lib/python3.10/site-packages'
[16.496s] Level 1:colcon.colcon_core.environment:checking '/home/pc/dev_src/install/ldlidar_component/bin'
[16.521s] INFO:colcon.colcon_core.shell:Creating package script '/home/pc/dev_src/install/ldlidar_component/share/ldlidar_component/package.ps1'
[16.525s] INFO:colcon.colcon_core.shell:Creating package descriptor '/home/pc/dev_src/install/ldlidar_component/share/ldlidar_component/package.dsv'
[16.527s] INFO:colcon.colcon_core.shell:Creating package script '/home/pc/dev_src/install/ldlidar_component/share/ldlidar_component/package.sh'
[16.528s] INFO:colcon.colcon_core.shell:Creating package script '/home/pc/dev_src/install/ldlidar_component/share/ldlidar_component/package.bash'
[16.529s] INFO:colcon.colcon_core.shell:Creating package script '/home/pc/dev_src/install/ldlidar_component/share/ldlidar_component/package.zsh'
[16.530s] Level 1:colcon.colcon_core.environment:create_file_with_runtime_dependencies(/home/pc/dev_src/install/ldlidar_component/share/colcon-core/packages/ldlidar_component)
[16.594s] Level 1:colcon.colcon_core.environment:create_environment_scripts_only(ldlidar_component)
[16.613s] Level 1:colcon.colcon_core.environment:checking '/home/pc/dev_src/install/ldlidar_component' for CMake module files
[16.614s] Level 1:colcon.colcon_core.environment:checking '/home/pc/dev_src/install/ldlidar_component' for CMake config files
[16.614s] Level 1:colcon.colcon_core.shell:create_environment_hook('ldlidar_component', 'cmake_prefix_path')
[16.632s] INFO:colcon.colcon_core.shell:Creating environment hook '/home/pc/dev_src/install/ldlidar_component/share/ldlidar_component/hook/cmake_prefix_path.ps1'
[16.633s] INFO:colcon.colcon_core.shell:Creating environment descriptor '/home/pc/dev_src/install/ldlidar_component/share/ldlidar_component/hook/cmake_prefix_path.dsv'
[16.633s] INFO:colcon.colcon_core.shell:Creating environment hook '/home/pc/dev_src/install/ldlidar_component/share/ldlidar_component/hook/cmake_prefix_path.sh'
[16.634s] Level 1:colcon.colcon_core.environment:checking '/home/pc/dev_src/install/ldlidar_component/lib'
[16.634s] Level 1:colcon.colcon_core.shell:create_environment_hook('ldlidar_component', 'ld_library_path_lib')
[16.655s] INFO:colcon.colcon_core.shell:Creating environment hook '/home/pc/dev_src/install/ldlidar_component/share/ldlidar_component/hook/ld_library_path_lib.ps1'
[16.656s] INFO:colcon.colcon_core.shell:Creating environment descriptor '/home/pc/dev_src/install/ldlidar_component/share/ldlidar_component/hook/ld_library_path_lib.dsv'
[16.656s] INFO:colcon.colcon_core.shell:Creating environment hook '/home/pc/dev_src/install/ldlidar_component/share/ldlidar_component/hook/ld_library_path_lib.sh'
[16.657s] Level 1:colcon.colcon_core.environment:checking '/home/pc/dev_src/install/ldlidar_component/bin'
[16.657s] Level 1:colcon.colcon_core.environment:checking '/home/pc/dev_src/install/ldlidar_component/lib/pkgconfig/ldlidar_component.pc'
[16.657s] Level 1:colcon.colcon_core.environment:checking '/home/pc/dev_src/install/ldlidar_component/lib/python3.10/site-packages'
[16.657s] Level 1:colcon.colcon_core.environment:checking '/home/pc/dev_src/install/ldlidar_component/bin'
[16.676s] INFO:colcon.colcon_core.shell:Creating package script '/home/pc/dev_src/install/ldlidar_component/share/ldlidar_component/package.ps1'
[16.677s] INFO:colcon.colcon_core.shell:Creating package descriptor '/home/pc/dev_src/install/ldlidar_component/share/ldlidar_component/package.dsv'
[16.678s] INFO:colcon.colcon_core.shell:Creating package script '/home/pc/dev_src/install/ldlidar_component/share/ldlidar_component/package.sh'
[16.679s] INFO:colcon.colcon_core.shell:Creating package script '/home/pc/dev_src/install/ldlidar_component/share/ldlidar_component/package.bash'
[16.679s] INFO:colcon.colcon_core.shell:Creating package script '/home/pc/dev_src/install/ldlidar_component/share/ldlidar_component/package.zsh'
[16.680s] Level 1:colcon.colcon_core.environment:create_file_with_runtime_dependencies(/home/pc/dev_src/install/ldlidar_component/share/colcon-core/packages/ldlidar_component)
[16.681s] INFO:colcon.colcon_ros.task.ament_cmake.build:Building ROS package in '/home/pc/dev_src/src/ldrobot-lidar-ros2/ldlidar_node' with build type 'ament_cmake'
[16.681s] INFO:colcon.colcon_cmake.task.cmake.build:Building CMake package in '/home/pc/dev_src/src/ldrobot-lidar-ros2/ldlidar_node'
[16.705s] INFO:colcon.colcon_core.shell:Skip shell extension 'powershell' for command environment: Not usable outside of PowerShell
[16.705s] DEBUG:colcon.colcon_core.shell:Skip shell extension 'dsv' for command environment
[16.758s] DEBUG:colcon.colcon_core.event_handler.log_command:Invoking command in '/home/pc/dev_src/build/ldlidar_node': AMENT_PREFIX_PATH=/home/pc/dev_src/install/ldlidar_component:${AMENT_PREFIX_PATH} CMAKE_PREFIX_PATH=/home/pc/dev_src/install/ldlidar_component:/opt/ros/humble LD_LIBRARY_PATH=/home/pc/dev_src/install/ldlidar_component/lib:${LD_LIBRARY_PATH} /usr/bin/cmake /home/pc/dev_src/src/ldrobot-lidar-ros2/ldlidar_node -DCMAKE_BUILD_TYPE=Release -DAMENT_CMAKE_SYMLINK_INSTALL=1 -DCMAKE_INSTALL_PREFIX=/home/pc/dev_src/install/ldlidar_node
[21.104s] DEBUG:colcon.colcon_core.event_handler.log_command:Invoked command in '/home/pc/dev_src/build/ldlidar_node' returned '0': AMENT_PREFIX_PATH=/home/pc/dev_src/install/ldlidar_component:${AMENT_PREFIX_PATH} CMAKE_PREFIX_PATH=/home/pc/dev_src/install/ldlidar_component:/opt/ros/humble LD_LIBRARY_PATH=/home/pc/dev_src/install/ldlidar_component/lib:${LD_LIBRARY_PATH} /usr/bin/cmake /home/pc/dev_src/src/ldrobot-lidar-ros2/ldlidar_node -DCMAKE_BUILD_TYPE=Release -DAMENT_CMAKE_SYMLINK_INSTALL=1 -DCMAKE_INSTALL_PREFIX=/home/pc/dev_src/install/ldlidar_node
[21.108s] DEBUG:colcon.colcon_core.event_handler.log_command:Invoking command in '/home/pc/dev_src/build/ldlidar_node': AMENT_PREFIX_PATH=/home/pc/dev_src/install/ldlidar_component:${AMENT_PREFIX_PATH} CMAKE_PREFIX_PATH=/home/pc/dev_src/install/ldlidar_component:/opt/ros/humble LD_LIBRARY_PATH=/home/pc/dev_src/install/ldlidar_component/lib:${LD_LIBRARY_PATH} /usr/bin/cmake --build /home/pc/dev_src/build/ldlidar_node -- -j2 -l2
[26.431s] DEBUG:colcon.colcon_core.event_handler.log_command:Invoked command in '/home/pc/dev_src/build/ldlidar_node' returned '0': AMENT_PREFIX_PATH=/home/pc/dev_src/install/ldlidar_component:${AMENT_PREFIX_PATH} CMAKE_PREFIX_PATH=/home/pc/dev_src/install/ldlidar_component:/opt/ros/humble LD_LIBRARY_PATH=/home/pc/dev_src/install/ldlidar_component/lib:${LD_LIBRARY_PATH} /usr/bin/cmake --build /home/pc/dev_src/build/ldlidar_node -- -j2 -l2
[26.455s] DEBUG:colcon.colcon_core.event_handler.log_command:Invoking command in '/home/pc/dev_src/build/ldlidar_node': AMENT_PREFIX_PATH=/home/pc/dev_src/install/ldlidar_component:${AMENT_PREFIX_PATH} CMAKE_PREFIX_PATH=/home/pc/dev_src/install/ldlidar_component:/opt/ros/humble LD_LIBRARY_PATH=/home/pc/dev_src/install/ldlidar_component/lib:${LD_LIBRARY_PATH} /usr/bin/cmake --install /home/pc/dev_src/build/ldlidar_node
[26.762s] Level 1:colcon.colcon_core.environment:create_environment_scripts_only(ldlidar_node)
[26.763s] DEBUG:colcon.colcon_core.event_handler.log_command:Invoked command in '/home/pc/dev_src/build/ldlidar_node' returned '0': AMENT_PREFIX_PATH=/home/pc/dev_src/install/ldlidar_component:${AMENT_PREFIX_PATH} CMAKE_PREFIX_PATH=/home/pc/dev_src/install/ldlidar_component:/opt/ros/humble LD_LIBRARY_PATH=/home/pc/dev_src/install/ldlidar_component/lib:${LD_LIBRARY_PATH} /usr/bin/cmake --install /home/pc/dev_src/build/ldlidar_node
[26.787s] Level 1:colcon.colcon_core.environment:checking '/home/pc/dev_src/install/ldlidar_node' for CMake module files
[26.789s] Level 1:colcon.colcon_core.environment:checking '/home/pc/dev_src/install/ldlidar_node' for CMake config files
[26.789s] Level 1:colcon.colcon_core.shell:create_environment_hook('ldlidar_node', 'cmake_prefix_path')
[26.814s] INFO:colcon.colcon_core.shell:Creating environment hook '/home/pc/dev_src/install/ldlidar_node/share/ldlidar_node/hook/cmake_prefix_path.ps1'
[26.816s] INFO:colcon.colcon_core.shell:Creating environment descriptor '/home/pc/dev_src/install/ldlidar_node/share/ldlidar_node/hook/cmake_prefix_path.dsv'
[26.816s] INFO:colcon.colcon_core.shell:Creating environment hook '/home/pc/dev_src/install/ldlidar_node/share/ldlidar_node/hook/cmake_prefix_path.sh'
[26.817s] Level 1:colcon.colcon_core.environment:checking '/home/pc/dev_src/install/ldlidar_node/lib'
[26.817s] Level 1:colcon.colcon_core.environment:checking '/home/pc/dev_src/install/ldlidar_node/bin'
[26.817s] Level 1:colcon.colcon_core.environment:checking '/home/pc/dev_src/install/ldlidar_node/lib/pkgconfig/ldlidar_node.pc'
[26.818s] Level 1:colcon.colcon_core.environment:checking '/home/pc/dev_src/install/ldlidar_node/lib/python3.10/site-packages'
[26.818s] Level 1:colcon.colcon_core.environment:checking '/home/pc/dev_src/install/ldlidar_node/bin'
[26.836s] INFO:colcon.colcon_core.shell:Creating package script '/home/pc/dev_src/install/ldlidar_node/share/ldlidar_node/package.ps1'
[26.839s] INFO:colcon.colcon_core.shell:Creating package descriptor '/home/pc/dev_src/install/ldlidar_node/share/ldlidar_node/package.dsv'
[26.840s] INFO:colcon.colcon_core.shell:Creating package script '/home/pc/dev_src/install/ldlidar_node/share/ldlidar_node/package.sh'
[26.841s] INFO:colcon.colcon_core.shell:Creating package script '/home/pc/dev_src/install/ldlidar_node/share/ldlidar_node/package.bash'
[26.841s] INFO:colcon.colcon_core.shell:Creating package script '/home/pc/dev_src/install/ldlidar_node/share/ldlidar_node/package.zsh'
[26.841s] Level 1:colcon.colcon_core.environment:create_file_with_runtime_dependencies(/home/pc/dev_src/install/ldlidar_node/share/colcon-core/packages/ldlidar_node)
[26.896s] Level 1:colcon.colcon_core.environment:create_environment_scripts_only(ldlidar_node)
[26.920s] Level 1:colcon.colcon_core.environment:checking '/home/pc/dev_src/install/ldlidar_node' for CMake module files
[26.921s] Level 1:colcon.colcon_core.environment:checking '/home/pc/dev_src/install/ldlidar_node' for CMake config files
[26.922s] Level 1:colcon.colcon_core.shell:create_environment_hook('ldlidar_node', 'cmake_prefix_path')
[26.938s] INFO:colcon.colcon_core.shell:Creating environment hook '/home/pc/dev_src/install/ldlidar_node/share/ldlidar_node/hook/cmake_prefix_path.ps1'
[26.939s] INFO:colcon.colcon_core.shell:Creating environment descriptor '/home/pc/dev_src/install/ldlidar_node/share/ldlidar_node/hook/cmake_prefix_path.dsv'
[26.940s] INFO:colcon.colcon_core.shell:Creating environment hook '/home/pc/dev_src/install/ldlidar_node/share/ldlidar_node/hook/cmake_prefix_path.sh'
[26.941s] Level 1:colcon.colcon_core.environment:checking '/home/pc/dev_src/install/ldlidar_node/lib'
[26.941s] Level 1:colcon.colcon_core.environment:checking '/home/pc/dev_src/install/ldlidar_node/bin'
[26.941s] Level 1:colcon.colcon_core.environment:checking '/home/pc/dev_src/install/ldlidar_node/lib/pkgconfig/ldlidar_node.pc'
[26.941s] Level 1:colcon.colcon_core.environment:checking '/home/pc/dev_src/install/ldlidar_node/lib/python3.10/site-packages'
[26.942s] Level 1:colcon.colcon_core.environment:checking '/home/pc/dev_src/install/ldlidar_node/bin'
[26.958s] INFO:colcon.colcon_core.shell:Creating package script '/home/pc/dev_src/install/ldlidar_node/share/ldlidar_node/package.ps1'
[26.959s] INFO:colcon.colcon_core.shell:Creating package descriptor '/home/pc/dev_src/install/ldlidar_node/share/ldlidar_node/package.dsv'
[26.961s] INFO:colcon.colcon_core.shell:Creating package script '/home/pc/dev_src/install/ldlidar_node/share/ldlidar_node/package.sh'
[26.961s] INFO:colcon.colcon_core.shell:Creating package script '/home/pc/dev_src/install/ldlidar_node/share/ldlidar_node/package.bash'
[26.962s] INFO:colcon.colcon_core.shell:Creating package script '/home/pc/dev_src/install/ldlidar_node/share/ldlidar_node/package.zsh'
[26.963s] Level 1:colcon.colcon_core.environment:create_file_with_runtime_dependencies(/home/pc/dev_src/install/ldlidar_node/share/colcon-core/packages/ldlidar_node)
[26.965s] INFO:colcon.colcon_ros.task.ament_cmake.build:Building ROS package in '/home/pc/dev_src/src/ldrobot-lidar-ros2/ldlidar' with build type 'ament_cmake'
[26.965s] INFO:colcon.colcon_cmake.task.cmake.build:Building CMake package in '/home/pc/dev_src/src/ldrobot-lidar-ros2/ldlidar'
[26.988s] INFO:colcon.colcon_core.shell:Skip shell extension 'powershell' for command environment: Not usable outside of PowerShell
[26.988s] DEBUG:colcon.colcon_core.shell:Skip shell extension 'dsv' for command environment
[27.033s] DEBUG:colcon.colcon_core.event_handler.log_command:Invoking command in '/home/pc/dev_src/build/ldlidar': AMENT_PREFIX_PATH=/home/pc/dev_src/install/ldlidar_node:/home/pc/dev_src/install/ldlidar_component:${AMENT_PREFIX_PATH} CMAKE_PREFIX_PATH=/home/pc/dev_src/install/ldlidar_node:/home/pc/dev_src/install/ldlidar_component:/opt/ros/humble LD_LIBRARY_PATH=/home/pc/dev_src/install/ldlidar_component/lib:${LD_LIBRARY_PATH} /usr/bin/cmake /home/pc/dev_src/src/ldrobot-lidar-ros2/ldlidar -DCMAKE_BUILD_TYPE=Release -DAMENT_CMAKE_SYMLINK_INSTALL=1 -DCMAKE_INSTALL_PREFIX=/home/pc/dev_src/install/ldlidar
[27.427s] DEBUG:colcon.colcon_core.event_handler.log_command:Invoked command in '/home/pc/dev_src/build/ldlidar' returned '0': AMENT_PREFIX_PATH=/home/pc/dev_src/install/ldlidar_node:/home/pc/dev_src/install/ldlidar_component:${AMENT_PREFIX_PATH} CMAKE_PREFIX_PATH=/home/pc/dev_src/install/ldlidar_node:/home/pc/dev_src/install/ldlidar_component:/opt/ros/humble LD_LIBRARY_PATH=/home/pc/dev_src/install/ldlidar_component/lib:${LD_LIBRARY_PATH} /usr/bin/cmake /home/pc/dev_src/src/ldrobot-lidar-ros2/ldlidar -DCMAKE_BUILD_TYPE=Release -DAMENT_CMAKE_SYMLINK_INSTALL=1 -DCMAKE_INSTALL_PREFIX=/home/pc/dev_src/install/ldlidar
[27.431s] DEBUG:colcon.colcon_core.event_handler.log_command:Invoking command in '/home/pc/dev_src/build/ldlidar': AMENT_PREFIX_PATH=/home/pc/dev_src/install/ldlidar_node:/home/pc/dev_src/install/ldlidar_component:${AMENT_PREFIX_PATH} CMAKE_PREFIX_PATH=/home/pc/dev_src/install/ldlidar_node:/home/pc/dev_src/install/ldlidar_component:/opt/ros/humble LD_LIBRARY_PATH=/home/pc/dev_src/install/ldlidar_component/lib:${LD_LIBRARY_PATH} /usr/bin/cmake --build /home/pc/dev_src/build/ldlidar -- -j2 -l2
[27.503s] DEBUG:colcon.colcon_core.event_handler.log_command:Invoked command in '/home/pc/dev_src/build/ldlidar' returned '0': AMENT_PREFIX_PATH=/home/pc/dev_src/install/ldlidar_node:/home/pc/dev_src/install/ldlidar_component:${AMENT_PREFIX_PATH} CMAKE_PREFIX_PATH=/home/pc/dev_src/install/ldlidar_node:/home/pc/dev_src/install/ldlidar_component:/opt/ros/humble LD_LIBRARY_PATH=/home/pc/dev_src/install/ldlidar_component/lib:${LD_LIBRARY_PATH} /usr/bin/cmake --build /home/pc/dev_src/build/ldlidar -- -j2 -l2
[27.543s] DEBUG:colcon.colcon_core.event_handler.log_command:Invoking command in '/home/pc/dev_src/build/ldlidar': AMENT_PREFIX_PATH=/home/pc/dev_src/install/ldlidar_node:/home/pc/dev_src/install/ldlidar_component:${AMENT_PREFIX_PATH} CMAKE_PREFIX_PATH=/home/pc/dev_src/install/ldlidar_node:/home/pc/dev_src/install/ldlidar_component:/opt/ros/humble LD_LIBRARY_PATH=/home/pc/dev_src/install/ldlidar_component/lib:${LD_LIBRARY_PATH} /usr/bin/cmake --install /home/pc/dev_src/build/ldlidar
[27.753s] Level 1:colcon.colcon_core.environment:create_environment_scripts_only(ldlidar)
[27.757s] DEBUG:colcon.colcon_core.event_handler.log_command:Invoked command in '/home/pc/dev_src/build/ldlidar' returned '0': AMENT_PREFIX_PATH=/home/pc/dev_src/install/ldlidar_node:/home/pc/dev_src/install/ldlidar_component:${AMENT_PREFIX_PATH} CMAKE_PREFIX_PATH=/home/pc/dev_src/install/ldlidar_node:/home/pc/dev_src/install/ldlidar_component:/opt/ros/humble LD_LIBRARY_PATH=/home/pc/dev_src/install/ldlidar_component/lib:${LD_LIBRARY_PATH} /usr/bin/cmake --install /home/pc/dev_src/build/ldlidar
[27.774s] Level 1:colcon.colcon_core.environment:checking '/home/pc/dev_src/install/ldlidar' for CMake module files
[27.775s] Level 1:colcon.colcon_core.environment:checking '/home/pc/dev_src/install/ldlidar' for CMake config files
[27.775s] Level 1:colcon.colcon_core.shell:create_environment_hook('ldlidar', 'cmake_prefix_path')
[27.794s] INFO:colcon.colcon_core.shell:Creating environment hook '/home/pc/dev_src/install/ldlidar/share/ldlidar/hook/cmake_prefix_path.ps1'
[27.795s] INFO:colcon.colcon_core.shell:Creating environment descriptor '/home/pc/dev_src/install/ldlidar/share/ldlidar/hook/cmake_prefix_path.dsv'
[27.795s] INFO:colcon.colcon_core.shell:Creating environment hook '/home/pc/dev_src/install/ldlidar/share/ldlidar/hook/cmake_prefix_path.sh'
[27.796s] Level 1:colcon.colcon_core.environment:checking '/home/pc/dev_src/install/ldlidar/bin'
[27.796s] Level 1:colcon.colcon_core.environment:checking '/home/pc/dev_src/install/ldlidar/lib/pkgconfig/ldlidar.pc'
[27.796s] Level 1:colcon.colcon_core.environment:checking '/home/pc/dev_src/install/ldlidar/lib/python3.10/site-packages'
[27.797s] Level 1:colcon.colcon_core.environment:checking '/home/pc/dev_src/install/ldlidar/bin'
[27.816s] INFO:colcon.colcon_core.shell:Creating package script '/home/pc/dev_src/install/ldlidar/share/ldlidar/package.ps1'
[27.817s] INFO:colcon.colcon_core.shell:Creating package descriptor '/home/pc/dev_src/install/ldlidar/share/ldlidar/package.dsv'
[27.817s] INFO:colcon.colcon_core.shell:Creating package script '/home/pc/dev_src/install/ldlidar/share/ldlidar/package.sh'
[27.817s] INFO:colcon.colcon_core.shell:Creating package script '/home/pc/dev_src/install/ldlidar/share/ldlidar/package.bash'
[27.818s] INFO:colcon.colcon_core.shell:Creating package script '/home/pc/dev_src/install/ldlidar/share/ldlidar/package.zsh'
[27.818s] Level 1:colcon.colcon_core.environment:create_file_with_runtime_dependencies(/home/pc/dev_src/install/ldlidar/share/colcon-core/packages/ldlidar)
[27.857s] Level 1:colcon.colcon_core.environment:create_environment_scripts_only(ldlidar)
[27.873s] Level 1:colcon.colcon_core.environment:checking '/home/pc/dev_src/install/ldlidar' for CMake module files
[27.873s] Level 1:colcon.colcon_core.environment:checking '/home/pc/dev_src/install/ldlidar' for CMake config files
[27.874s] Level 1:colcon.colcon_core.shell:create_environment_hook('ldlidar', 'cmake_prefix_path')
[27.894s] INFO:colcon.colcon_core.shell:Creating environment hook '/home/pc/dev_src/install/ldlidar/share/ldlidar/hook/cmake_prefix_path.ps1'
[27.895s] INFO:colcon.colcon_core.shell:Creating environment descriptor '/home/pc/dev_src/install/ldlidar/share/ldlidar/hook/cmake_prefix_path.dsv'
[27.895s] INFO:colcon.colcon_core.shell:Creating environment hook '/home/pc/dev_src/install/ldlidar/share/ldlidar/hook/cmake_prefix_path.sh'
[27.898s] Level 1:colcon.colcon_core.environment:checking '/home/pc/dev_src/install/ldlidar/bin'
[27.898s] Level 1:colcon.colcon_core.environment:checking '/home/pc/dev_src/install/ldlidar/lib/pkgconfig/ldlidar.pc'
[27.898s] Level 1:colcon.colcon_core.environment:checking '/home/pc/dev_src/install/ldlidar/lib/python3.10/site-packages'
[27.899s] Level 1:colcon.colcon_core.environment:checking '/home/pc/dev_src/install/ldlidar/bin'
[27.915s] INFO:colcon.colcon_core.shell:Creating package script '/home/pc/dev_src/install/ldlidar/share/ldlidar/package.ps1'
[27.916s] INFO:colcon.colcon_core.shell:Creating package descriptor '/home/pc/dev_src/install/ldlidar/share/ldlidar/package.dsv'
[27.916s] INFO:colcon.colcon_core.shell:Creating package script '/home/pc/dev_src/install/ldlidar/share/ldlidar/package.sh'
[27.917s] INFO:colcon.colcon_core.shell:Creating package script '/home/pc/dev_src/install/ldlidar/share/ldlidar/package.bash'
[27.917s] INFO:colcon.colcon_core.shell:Creating package script '/home/pc/dev_src/install/ldlidar/share/ldlidar/package.zsh'
[27.918s] Level 1:colcon.colcon_core.environment:create_file_with_runtime_dependencies(/home/pc/dev_src/install/ldlidar/share/colcon-core/packages/ldlidar)
[27.919s] DEBUG:colcon.colcon_parallel_executor.executor.parallel:closing loop
[27.919s] DEBUG:colcon.colcon_parallel_executor.executor.parallel:loop closed
[27.919s] DEBUG:colcon.colcon_parallel_executor.executor.parallel:run_until_complete finished with '0'
[27.919s] DEBUG:colcon.colcon_core.event_reactor:joining thread
[27.954s] INFO:colcon.colcon_core.plugin_system:Skipping extension 'colcon_notification.desktop_notification.terminal_notifier': Not used on non-Darwin systems
[27.954s] INFO:colcon.colcon_core.plugin_system:Skipping extension 'colcon_notification.desktop_notification.win32': Not used on non-Windows systems
[27.954s] INFO:colcon.colcon_notification.desktop_notification:Sending desktop notification using 'notify2'
[27.973s] DEBUG:colcon.colcon_core.event_reactor:joined thread
[28.003s] INFO:colcon.colcon_core.shell:Creating prefix script '/home/pc/dev_src/install/local_setup.ps1'
[28.007s] INFO:colcon.colcon_core.shell:Creating prefix util module '/home/pc/dev_src/install/_local_setup_util_ps1.py'
[28.010s] INFO:colcon.colcon_core.shell:Creating prefix chain script '/home/pc/dev_src/install/setup.ps1'
[28.033s] INFO:colcon.colcon_core.shell:Creating prefix script '/home/pc/dev_src/install/local_setup.sh'
[28.034s] INFO:colcon.colcon_core.shell:Creating prefix util module '/home/pc/dev_src/install/_local_setup_util_sh.py'
[28.035s] INFO:colcon.colcon_core.shell:Creating prefix chain script '/home/pc/dev_src/install/setup.sh'
[28.069s] INFO:colcon.colcon_core.shell:Creating prefix script '/home/pc/dev_src/install/local_setup.bash'
[28.071s] INFO:colcon.colcon_core.shell:Creating prefix chain script '/home/pc/dev_src/install/setup.bash'
[28.101s] INFO:colcon.colcon_core.shell:Creating prefix script '/home/pc/dev_src/install/local_setup.zsh'
[28.104s] INFO:colcon.colcon_core.shell:Creating prefix chain script '/home/pc/dev_src/install/setup.zsh'
