--  * Release Mode
-- * Found ROS2 humble
-- * ROS2 humble is officially supported by this package.
-- Found ament_cmake: 1.3.6 (/opt/ros/humble/share/ament_cmake/cmake)
-- Override CMake install command with custom implementation using symlinks instead of copying resources
-- Found rclcpp_lifecycle: 16.0.7 (/opt/ros/humble/share/rclcpp_lifecycle/cmake)
-- Found rosidl_generator_c: 3.1.5 (/opt/ros/humble/share/rosidl_generator_c/cmake)
-- Found rosidl_adapter: 3.1.5 (/opt/ros/humble/share/rosidl_adapter/cmake)
-- Found rosidl_generator_cpp: 3.1.5 (/opt/ros/humble/share/rosidl_generator_cpp/cmake)
-- Using all available rosidl_typesupport_c: rosidl_typesupport_fastrtps_c;rosidl_typesupport_introspection_c
-- Using all available rosidl_typesupport_cpp: rosidl_typesupport_fastrtps_cpp;rosidl_typesupport_introspection_cpp
-- Found rmw_implementation_cmake: 6.1.1 (/opt/ros/humble/share/rmw_implementation_cmake/cmake)
-- Found rmw_fastrtps_cpp: 6.2.5 (/opt/ros/humble/share/rmw_fastrtps_cpp/cmake)
-- Using RMW implementation 'rmw_fastrtps_cpp' as default
-- Found rclcpp_components: 16.0.7 (/opt/ros/humble/share/rclcpp_components/cmake)
-- Found nav2_util: 1.1.12 (/opt/ros/humble/share/nav2_util/cmake)
-- Found eigen3_cmake_module: 0.1.1 (/opt/ros/humble/share/eigen3_cmake_module/cmake)
-- Found Eigen3: TRUE (found version "3.4.0") 
-- Ensuring Eigen3 include directory is part of orocos-kdl CMake target
-- Found sensor_msgs: 4.2.3 (/opt/ros/humble/share/sensor_msgs/cmake)
-- Found diagnostic_msgs: 4.2.3 (/opt/ros/humble/share/diagnostic_msgs/cmake)
-- Found diagnostic_updater: 3.1.2 (/opt/ros/humble/share/diagnostic_updater/cmake)
-- Checking for module 'libudev'
--   Found libudev, version 249
-- Found UDEV: /usr/lib/x86_64-linux-gnu/libudev.so  
-- Found ament_lint_auto: 0.12.9 (/opt/ros/humble/share/ament_lint_auto/cmake)
-- Added test 'copyright' to check source files copyright and LICENSE
-- Added test 'cppcheck' to perform static code analysis on C / C++ code
-- Configured cppcheck include dirs: /home/pc/dev_src/src/ldrobot-lidar-ros2/ldlidar_component/include;/home/pc/dev_src/src/ldrobot-lidar-ros2/ldlidar_component/driver/include;/home/pc/dev_src/src/ldrobot-lidar-ros2/ldlidar_component/tools/include;/home/pc/dev_src/src/ldrobot-lidar-ros2/ldlidar_component/component/include
-- Configured cppcheck exclude dirs and/or files: 
-- Added test 'cpplint' to check C / C++ code against the Google style
-- Configured cpplint exclude dirs and/or files: 
-- Added test 'lint_cmake' to check CMake code style
-- Added test 'uncrustify' to check C / C++ code style
-- Configured uncrustify additional arguments: 
-- Added test 'xmllint' to check XML markup files
-- Added test 'clang_format' to check C / C++ code style
-- Configuring done
-- Generating done
-- Build files have been written to: /home/pc/dev_src/build/ldlidar_component
[ 16%] [32mBuilding CXX object CMakeFiles/ldlidar_component.dir/tools/src/ldlidar_tools.cpp.o[0m
[ 33%] [32mBuilding CXX object CMakeFiles/ldlidar_component.dir/component/src/ldlidar_component.cpp.o[0m
[ 50%] [32mBuilding CXX object CMakeFiles/ldlidar_component.dir/driver/src/cmd_interface_linux.cpp.o[0m
[ 66%] [32mBuilding CXX object CMakeFiles/ldlidar_component.dir/driver/src/lipkg.cpp.o[0m
[ 83%] [32mBuilding CXX object CMakeFiles/ldlidar_component.dir/driver/src/tofbf.cpp.o[0m
[100%] [32m[1mLinking CXX shared library libldlidar_component.so[0m
[100%] Built target ldlidar_component
-- Install configuration: "Release"
-- Execute custom install script
-- Symlinking: /home/pc/dev_src/install/ldlidar_component/lib/libldlidar_component.so
-- Symlinking: /home/pc/dev_src/install/ldlidar_component/include/ldlidar_component//ldlidar_component.hpp
-- Symlinking: /home/pc/dev_src/install/ldlidar_component/include/ldlidar_component//ldlidar_tools.hpp
-- Symlinking: /home/pc/dev_src/install/ldlidar_component/include/ldlidar_component//cmd_interface_linux.hpp
-- Symlinking: /home/pc/dev_src/install/ldlidar_component/include/ldlidar_component//lipkg.hpp
-- Symlinking: /home/pc/dev_src/install/ldlidar_component/include/ldlidar_component//tofbf.hpp
-- Symlinking: /home/pc/dev_src/install/ldlidar_component/include/ldlidar_component//visibility_control.hpp
-- Symlinking: /home/pc/dev_src/install/ldlidar_component/share/ldlidar_component/environment/library_path.sh
-- Symlinking: /home/pc/dev_src/install/ldlidar_component/share/ldlidar_component/environment/library_path.dsv
-- Symlinking: /home/pc/dev_src/install/ldlidar_component/share/ament_index/resource_index/package_run_dependencies/ldlidar_component
-- Symlinking: /home/pc/dev_src/install/ldlidar_component/share/ament_index/resource_index/parent_prefix_path/ldlidar_component
-- Symlinking: /home/pc/dev_src/install/ldlidar_component/share/ldlidar_component/environment/ament_prefix_path.sh
-- Symlinking: /home/pc/dev_src/install/ldlidar_component/share/ldlidar_component/environment/ament_prefix_path.dsv
-- Symlinking: /home/pc/dev_src/install/ldlidar_component/share/ldlidar_component/environment/path.sh
-- Symlinking: /home/pc/dev_src/install/ldlidar_component/share/ldlidar_component/environment/path.dsv
-- Symlinking: /home/pc/dev_src/install/ldlidar_component/share/ldlidar_component/local_setup.bash
-- Symlinking: /home/pc/dev_src/install/ldlidar_component/share/ldlidar_component/local_setup.sh
-- Symlinking: /home/pc/dev_src/install/ldlidar_component/share/ldlidar_component/local_setup.zsh
-- Symlinking: /home/pc/dev_src/install/ldlidar_component/share/ldlidar_component/local_setup.dsv
-- Symlinking: /home/pc/dev_src/install/ldlidar_component/share/ldlidar_component/package.dsv
-- Symlinking: /home/pc/dev_src/install/ldlidar_component/share/ament_index/resource_index/packages/ldlidar_component
-- Symlinking: /home/pc/dev_src/install/ldlidar_component/share/ament_index/resource_index/rclcpp_components/ldlidar_component
-- Symlinking: /home/pc/dev_src/install/ldlidar_component/share/ldlidar_component/cmake/ament_cmake_export_include_directories-extras.cmake
-- Symlinking: /home/pc/dev_src/install/ldlidar_component/share/ldlidar_component/cmake/ament_cmake_export_libraries-extras.cmake
-- Symlinking: /home/pc/dev_src/install/ldlidar_component/share/ldlidar_component/cmake/ament_cmake_export_dependencies-extras.cmake
-- Symlinking: /home/pc/dev_src/install/ldlidar_component/share/ldlidar_component/cmake/ldlidar_componentConfig.cmake
-- Symlinking: /home/pc/dev_src/install/ldlidar_component/share/ldlidar_component/cmake/ldlidar_componentConfig-version.cmake
-- Symlinking: /home/pc/dev_src/install/ldlidar_component/share/ldlidar_component/package.xml
