[0.160s] Invoking command in '/home/pc/dev_src/build/ldlidar_component': CMAKE_PREFIX_PATH=/opt/ros/humble /usr/bin/cmake /home/pc/dev_src/src/ldrobot-lidar-ros2/ldlidar_component -DCMAKE_BUILD_TYPE=Release -DAMENT_CMAKE_SYMLINK_INSTALL=1 -DCMAKE_INSTALL_PREFIX=/home/pc/dev_src/install/ldlidar_component
[0.542s] -- The C compiler identification is GNU 11.4.0
[0.815s] -- The CXX compiler identification is GNU 11.4.0
[0.841s] -- Detecting C compiler ABI info
[0.952s] -- Detecting C compiler ABI info - done
[0.959s] -- Check for working C compiler: /usr/bin/cc - skipped
[0.960s] -- Detecting C compile features
[0.963s] -- Detecting C compile features - done
[0.968s] -- Detecting CXX compiler ABI info
[1.106s] -- Detecting CXX compiler ABI info - done
[1.115s] -- Check for working CXX compiler: /usr/bin/c++ - skipped
[1.116s] -- Detecting CXX compile features
[1.117s] -- Detecting CXX compile features - done
[1.118s] --  * Release Mode
[1.119s] -- * Found ROS2 humble
[1.119s] -- * ROS2 humble is officially supported by this package.
[1.132s] -- Found ament_cmake: 1.3.6 (/opt/ros/humble/share/ament_cmake/cmake)
[1.373s] -- Found Python3: /usr/bin/python3.10 (found version "3.10.12") found components: Interpreter 
[1.460s] -- Override CMake install command with custom implementation using symlinks instead of copying resources
[1.517s] -- Found rclcpp_lifecycle: 16.0.7 (/opt/ros/humble/share/rclcpp_lifecycle/cmake)
[1.621s] -- Found rosidl_generator_c: 3.1.5 (/opt/ros/humble/share/rosidl_generator_c/cmake)
[1.646s] -- Found rosidl_adapter: 3.1.5 (/opt/ros/humble/share/rosidl_adapter/cmake)
[1.676s] -- Found rosidl_generator_cpp: 3.1.5 (/opt/ros/humble/share/rosidl_generator_cpp/cmake)
[1.711s] -- Using all available rosidl_typesupport_c: rosidl_typesupport_fastrtps_c;rosidl_typesupport_introspection_c
[1.748s] -- Using all available rosidl_typesupport_cpp: rosidl_typesupport_fastrtps_cpp;rosidl_typesupport_introspection_cpp
[1.873s] -- Found rmw_implementation_cmake: 6.1.1 (/opt/ros/humble/share/rmw_implementation_cmake/cmake)
[1.881s] -- Found rmw_fastrtps_cpp: 6.2.5 (/opt/ros/humble/share/rmw_fastrtps_cpp/cmake)
[2.023s] -- Found OpenSSL: /usr/lib/x86_64-linux-gnu/libcrypto.so (found version "3.0.2")  
[2.056s] -- Found FastRTPS: /opt/ros/humble/include  
[2.104s] -- Using RMW implementation 'rmw_fastrtps_cpp' as default
[2.123s] -- Looking for pthread.h
[2.233s] -- Looking for pthread.h - found
[2.233s] -- Performing Test CMAKE_HAVE_LIBC_PTHREAD
[2.308s] -- Performing Test CMAKE_HAVE_LIBC_PTHREAD - Success
[2.308s] -- Found Threads: TRUE  
[2.629s] -- Found rclcpp_components: 16.0.7 (/opt/ros/humble/share/rclcpp_components/cmake)
[2.752s] [31mCMake Error at CMakeLists.txt:98 (find_package):
[2.753s]   By not providing "Findnav2_util.cmake" in CMAKE_MODULE_PATH this project
[2.753s]   has asked CMake to find a package configuration file provided by
[2.753s]   "nav2_util", but CMake did not find one.
[2.753s] 
[2.755s]   Could not find a package configuration file provided by "nav2_util" with
[2.755s]   any of the following names:
[2.755s] 
[2.755s]     nav2_utilConfig.cmake
[2.755s]     nav2_util-config.cmake
[2.755s] 
[2.755s]   Add the installation prefix of "nav2_util" to CMAKE_PREFIX_PATH or set
[2.755s]   "nav2_util_DIR" to a directory containing one of the above files.  If
[2.755s]   "nav2_util" provides a separate development package or SDK, be sure it has
[2.755s]   been installed.
[2.755s] 
[2.756s] [0m
[2.756s] -- Configuring incomplete, errors occurred!
[2.756s] See also "/home/pc/dev_src/build/ldlidar_component/CMakeFiles/CMakeOutput.log".
[2.772s] Invoked command in '/home/pc/dev_src/build/ldlidar_component' returned '1': CMAKE_PREFIX_PATH=/opt/ros/humble /usr/bin/cmake /home/pc/dev_src/src/ldrobot-lidar-ros2/ldlidar_component -DCMAKE_BUILD_TYPE=Release -DAMENT_CMAKE_SYMLINK_INSTALL=1 -DCMAKE_INSTALL_PREFIX=/home/pc/dev_src/install/ldlidar_component
