[0.878s] Invoking command in '/home/pc/dev_src/src/teleop_pc': PYTHONPATH=/home/pc/dev_src/src/teleop_pc/build/teleop_pc/prefix_override:/home/pc/dev_src/src/teleop_pc/install/teleop_pc/lib/python3.10/site-packages:${PYTHONPATH} /usr/bin/python3 setup.py egg_info --egg-base build/teleop_pc build --build-base /home/pc/dev_src/src/teleop_pc/build/teleop_pc/build install --record /home/pc/dev_src/src/teleop_pc/build/teleop_pc/install.log --single-version-externally-managed
[1.136s] running egg_info
[1.137s] creating build/teleop_pc/teleop_pc.egg-info
[1.138s] writing build/teleop_pc/teleop_pc.egg-info/PKG-INFO
[1.140s] writing dependency_links to build/teleop_pc/teleop_pc.egg-info/dependency_links.txt
[1.140s] writing entry points to build/teleop_pc/teleop_pc.egg-info/entry_points.txt
[1.141s] writing requirements to build/teleop_pc/teleop_pc.egg-info/requires.txt
[1.142s] writing top-level names to build/teleop_pc/teleop_pc.egg-info/top_level.txt
[1.143s] writing manifest file 'build/teleop_pc/teleop_pc.egg-info/SOURCES.txt'
[1.146s] reading manifest file 'build/teleop_pc/teleop_pc.egg-info/SOURCES.txt'
[1.147s] writing manifest file 'build/teleop_pc/teleop_pc.egg-info/SOURCES.txt'
[1.147s] running build
[1.147s] running build_py
[1.148s] creating /home/pc/dev_src/src/teleop_pc/build/teleop_pc/build
[1.149s] creating /home/pc/dev_src/src/teleop_pc/build/teleop_pc/build/lib
[1.149s] creating /home/pc/dev_src/src/teleop_pc/build/teleop_pc/build/lib/teleop_pc
[1.149s] copying teleop_pc/__init__.py -> /home/pc/dev_src/src/teleop_pc/build/teleop_pc/build/lib/teleop_pc
[1.149s] copying teleop_pc/teleop_pc_node.py -> /home/pc/dev_src/src/teleop_pc/build/teleop_pc/build/lib/teleop_pc
[1.149s] running install
[1.150s] /usr/lib/python3/dist-packages/setuptools/command/install.py:34: SetuptoolsDeprecationWarning: setup.py install is deprecated. Use build and pip and other standards-based tools.
[1.150s]   warnings.warn(
[1.151s] running install_lib
[1.151s] creating /home/pc/dev_src/src/teleop_pc/install/teleop_pc/lib/python3.10/site-packages/teleop_pc
[1.152s] copying /home/pc/dev_src/src/teleop_pc/build/teleop_pc/build/lib/teleop_pc/__init__.py -> /home/pc/dev_src/src/teleop_pc/install/teleop_pc/lib/python3.10/site-packages/teleop_pc
[1.152s] copying /home/pc/dev_src/src/teleop_pc/build/teleop_pc/build/lib/teleop_pc/teleop_pc_node.py -> /home/pc/dev_src/src/teleop_pc/install/teleop_pc/lib/python3.10/site-packages/teleop_pc
[1.152s] byte-compiling /home/pc/dev_src/src/teleop_pc/install/teleop_pc/lib/python3.10/site-packages/teleop_pc/__init__.py to __init__.cpython-310.pyc
[1.152s] byte-compiling /home/pc/dev_src/src/teleop_pc/install/teleop_pc/lib/python3.10/site-packages/teleop_pc/teleop_pc_node.py to teleop_pc_node.cpython-310.pyc
[1.153s] running install_data
[1.154s] creating /home/pc/dev_src/src/teleop_pc/install/teleop_pc/share/ament_index
[1.154s] creating /home/pc/dev_src/src/teleop_pc/install/teleop_pc/share/ament_index/resource_index
[1.154s] creating /home/pc/dev_src/src/teleop_pc/install/teleop_pc/share/ament_index/resource_index/packages
[1.154s] copying resource/teleop_pc -> /home/pc/dev_src/src/teleop_pc/install/teleop_pc/share/ament_index/resource_index/packages
[1.155s] copying package.xml -> /home/pc/dev_src/src/teleop_pc/install/teleop_pc/share/teleop_pc
[1.155s] running install_egg_info
[1.157s] Copying build/teleop_pc/teleop_pc.egg-info to /home/pc/dev_src/src/teleop_pc/install/teleop_pc/lib/python3.10/site-packages/teleop_pc-0.0.0-py3.10.egg-info
[1.158s] running install_scripts
[1.180s] Installing test_node script to /home/pc/dev_src/src/teleop_pc/install/teleop_pc/lib/teleop_pc
[1.180s] writing list of installed files to '/home/pc/dev_src/src/teleop_pc/build/teleop_pc/install.log'
[1.209s] Invoked command in '/home/pc/dev_src/src/teleop_pc' returned '0': PYTHONPATH=/home/pc/dev_src/src/teleop_pc/build/teleop_pc/prefix_override:/home/pc/dev_src/src/teleop_pc/install/teleop_pc/lib/python3.10/site-packages:${PYTHONPATH} /usr/bin/python3 setup.py egg_info --egg-base build/teleop_pc build --build-base /home/pc/dev_src/src/teleop_pc/build/teleop_pc/build install --record /home/pc/dev_src/src/teleop_pc/build/teleop_pc/install.log --single-version-externally-managed
