[1.095s] DEBUG:colcon:Command line arguments: ['/usr/bin/colcon', 'build']
[1.095s] DEBUG:colcon:Parsed command line arguments: Namespace(log_base=None, log_level=None, verb_name='build', build_base='build', install_base='install', merge_install=False, symlink_install=False, test_result_base=None, continue_on_error=False, executor='parallel', parallel_workers=2, event_handlers=None, ignore_user_meta=False, metas=['./colcon.meta'], base_paths=['.'], packages_ignore=None, packages_ignore_regex=None, paths=None, packages_up_to=None, packages_up_to_regex=None, packages_above=None, packages_above_and_dependencies=None, packages_above_depth=None, packages_select_by_dep=None, packages_skip_by_dep=None, packages_skip_up_to=None, packages_select_build_failed=False, packages_skip_build_finished=False, packages_select_test_failures=False, packages_skip_test_passed=False, packages_select=None, packages_skip=None, packages_select_regex=None, packages_skip_regex=None, packages_start=None, packages_end=None, allow_overriding=[], cmake_args=None, cmake_target=None, cmake_target_skip_unavailable=False, cmake_clean_cache=False, cmake_clean_first=False, cmake_force_configure=False, ament_cmake_args=None, catkin_cmake_args=None, catkin_skip_building_tests=False, verb_parser=<colcon_defaults.argument_parser.defaults.DefaultArgumentsDecorator object at 0x7f3c3fc94f40>, verb_extension=<colcon_core.verb.build.BuildVerb object at 0x7f3c3fc96560>, main=<bound method BuildVerb.main of <colcon_core.verb.build.BuildVerb object at 0x7f3c3fc96560>>)
[1.147s] Level 1:colcon.colcon_core.package_discovery:discover_packages(colcon_meta) check parameters
[1.147s] Level 1:colcon.colcon_core.package_discovery:discover_packages(recursive) check parameters
[1.147s] Level 1:colcon.colcon_core.package_discovery:discover_packages(ignore) check parameters
[1.147s] Level 1:colcon.colcon_core.package_discovery:discover_packages(path) check parameters
[1.147s] Level 1:colcon.colcon_core.package_discovery:discover_packages(colcon_meta) discover
[1.147s] Level 1:colcon.colcon_core.package_discovery:discover_packages(recursive) discover
[1.147s] INFO:colcon.colcon_core.package_discovery:Crawling recursively for packages in '/home/pc/dev_src'
[1.147s] Level 1:colcon.colcon_core.package_identification:_identify(.) by extensions ['ignore', 'ignore_ament_install']
[1.147s] Level 1:colcon.colcon_core.package_identification:_identify(.) by extension 'ignore'
[1.148s] Level 1:colcon.colcon_core.package_identification:_identify(.) by extension 'ignore_ament_install'
[1.148s] Level 1:colcon.colcon_core.package_identification:_identify(.) by extensions ['colcon_pkg']
[1.148s] Level 1:colcon.colcon_core.package_identification:_identify(.) by extension 'colcon_pkg'
[1.148s] Level 1:colcon.colcon_core.package_identification:_identify(.) by extensions ['colcon_meta']
[1.148s] Level 1:colcon.colcon_core.package_identification:_identify(.) by extension 'colcon_meta'
[1.148s] Level 1:colcon.colcon_core.package_identification:_identify(.) by extensions ['ros']
[1.148s] Level 1:colcon.colcon_core.package_identification:_identify(.) by extension 'ros'
[1.159s] Level 1:colcon.colcon_core.package_identification:_identify(.) by extensions ['cmake', 'python']
[1.159s] Level 1:colcon.colcon_core.package_identification:_identify(.) by extension 'cmake'
[1.159s] Level 1:colcon.colcon_core.package_identification:_identify(.) by extension 'python'
[1.159s] Level 1:colcon.colcon_core.package_identification:_identify(.) by extensions ['python_setup_py']
[1.159s] Level 1:colcon.colcon_core.package_identification:_identify(.) by extension 'python_setup_py'
[1.159s] Level 1:colcon.colcon_core.package_identification:_identify(build) by extensions ['ignore', 'ignore_ament_install']
[1.159s] Level 1:colcon.colcon_core.package_identification:_identify(build) by extension 'ignore'
[1.159s] Level 1:colcon.colcon_core.package_identification:_identify(build) ignored
[1.160s] Level 1:colcon.colcon_core.package_identification:_identify(install) by extensions ['ignore', 'ignore_ament_install']
[1.160s] Level 1:colcon.colcon_core.package_identification:_identify(install) by extension 'ignore'
[1.160s] Level 1:colcon.colcon_core.package_identification:_identify(install) ignored
[1.160s] Level 1:colcon.colcon_core.package_identification:_identify(log) by extensions ['ignore', 'ignore_ament_install']
[1.160s] Level 1:colcon.colcon_core.package_identification:_identify(log) by extension 'ignore'
[1.160s] Level 1:colcon.colcon_core.package_identification:_identify(log) ignored
[1.160s] Level 1:colcon.colcon_core.package_identification:_identify(src) by extensions ['ignore', 'ignore_ament_install']
[1.160s] Level 1:colcon.colcon_core.package_identification:_identify(src) by extension 'ignore'
[1.160s] Level 1:colcon.colcon_core.package_identification:_identify(src) by extension 'ignore_ament_install'
[1.160s] Level 1:colcon.colcon_core.package_identification:_identify(src) by extensions ['colcon_pkg']
[1.160s] Level 1:colcon.colcon_core.package_identification:_identify(src) by extension 'colcon_pkg'
[1.160s] Level 1:colcon.colcon_core.package_identification:_identify(src) by extensions ['colcon_meta']
[1.160s] Level 1:colcon.colcon_core.package_identification:_identify(src) by extension 'colcon_meta'
[1.160s] Level 1:colcon.colcon_core.package_identification:_identify(src) by extensions ['ros']
[1.160s] Level 1:colcon.colcon_core.package_identification:_identify(src) by extension 'ros'
[1.161s] Level 1:colcon.colcon_core.package_identification:_identify(src) by extensions ['cmake', 'python']
[1.161s] Level 1:colcon.colcon_core.package_identification:_identify(src) by extension 'cmake'
[1.161s] Level 1:colcon.colcon_core.package_identification:_identify(src) by extension 'python'
[1.161s] Level 1:colcon.colcon_core.package_identification:_identify(src) by extensions ['python_setup_py']
[1.161s] Level 1:colcon.colcon_core.package_identification:_identify(src) by extension 'python_setup_py'
[1.161s] Level 1:colcon.colcon_core.package_identification:_identify(src/teleop_pc) by extensions ['ignore', 'ignore_ament_install']
[1.161s] Level 1:colcon.colcon_core.package_identification:_identify(src/teleop_pc) by extension 'ignore'
[1.161s] Level 1:colcon.colcon_core.package_identification:_identify(src/teleop_pc) by extension 'ignore_ament_install'
[1.161s] Level 1:colcon.colcon_core.package_identification:_identify(src/teleop_pc) by extensions ['colcon_pkg']
[1.161s] Level 1:colcon.colcon_core.package_identification:_identify(src/teleop_pc) by extension 'colcon_pkg'
[1.161s] Level 1:colcon.colcon_core.package_identification:_identify(src/teleop_pc) by extensions ['colcon_meta']
[1.161s] Level 1:colcon.colcon_core.package_identification:_identify(src/teleop_pc) by extension 'colcon_meta'
[1.161s] Level 1:colcon.colcon_core.package_identification:_identify(src/teleop_pc) by extensions ['ros']
[1.161s] Level 1:colcon.colcon_core.package_identification:_identify(src/teleop_pc) by extension 'ros'
[1.165s] DEBUG:colcon.colcon_core.package_identification:Package 'src/teleop_pc' with type 'ros.ament_python' and name 'teleop_pc'
[1.165s] Level 1:colcon.colcon_core.package_discovery:discover_packages(recursive) using defaults
[1.165s] Level 1:colcon.colcon_core.package_discovery:discover_packages(ignore) discover
[1.165s] Level 1:colcon.colcon_core.package_discovery:discover_packages(ignore) using defaults
[1.165s] Level 1:colcon.colcon_core.package_discovery:discover_packages(path) discover
[1.165s] Level 1:colcon.colcon_core.package_discovery:discover_packages(path) using defaults
[1.263s] Level 1:colcon.colcon_core.package_discovery:discover_packages(prefix_path) check parameters
[1.263s] Level 1:colcon.colcon_core.package_discovery:discover_packages(prefix_path) discover
[1.295s] DEBUG:colcon.colcon_installed_package_information.package_discovery:Found 1 installed packages in /home/pc/dev_src/install
[1.312s] DEBUG:colcon.colcon_installed_package_information.package_discovery:Found 270 installed packages in /opt/ros/humble
[1.315s] Level 1:colcon.colcon_core.package_discovery:discover_packages(prefix_path) using defaults
[1.416s] Level 5:colcon.colcon_core.verb:set package 'teleop_pc' build argument 'cmake_args' from command line to 'None'
[1.416s] Level 5:colcon.colcon_core.verb:set package 'teleop_pc' build argument 'cmake_target' from command line to 'None'
[1.416s] Level 5:colcon.colcon_core.verb:set package 'teleop_pc' build argument 'cmake_target_skip_unavailable' from command line to 'False'
[1.416s] Level 5:colcon.colcon_core.verb:set package 'teleop_pc' build argument 'cmake_clean_cache' from command line to 'False'
[1.416s] Level 5:colcon.colcon_core.verb:set package 'teleop_pc' build argument 'cmake_clean_first' from command line to 'False'
[1.416s] Level 5:colcon.colcon_core.verb:set package 'teleop_pc' build argument 'cmake_force_configure' from command line to 'False'
[1.416s] Level 5:colcon.colcon_core.verb:set package 'teleop_pc' build argument 'ament_cmake_args' from command line to 'None'
[1.416s] Level 5:colcon.colcon_core.verb:set package 'teleop_pc' build argument 'catkin_cmake_args' from command line to 'None'
[1.416s] Level 5:colcon.colcon_core.verb:set package 'teleop_pc' build argument 'catkin_skip_building_tests' from command line to 'False'
[1.416s] DEBUG:colcon.colcon_core.verb:Building package 'teleop_pc' with the following arguments: {'ament_cmake_args': None, 'build_base': '/home/pc/dev_src/build/teleop_pc', 'catkin_cmake_args': None, 'catkin_skip_building_tests': False, 'cmake_args': None, 'cmake_clean_cache': False, 'cmake_clean_first': False, 'cmake_force_configure': False, 'cmake_target': None, 'cmake_target_skip_unavailable': False, 'install_base': '/home/pc/dev_src/install/teleop_pc', 'merge_install': False, 'path': '/home/pc/dev_src/src/teleop_pc', 'symlink_install': False, 'test_result_base': None}
[1.432s] INFO:colcon.colcon_core.executor:Executing jobs using 'parallel' executor
[1.449s] DEBUG:colcon.colcon_parallel_executor.executor.parallel:run_until_complete
[1.449s] INFO:colcon.colcon_ros.task.ament_python.build:Building ROS package in '/home/pc/dev_src/src/teleop_pc' with build type 'ament_python'
[1.449s] Level 1:colcon.colcon_core.shell:create_environment_hook('teleop_pc', 'ament_prefix_path')
[1.467s] INFO:colcon.colcon_core.plugin_system:Skipping extension 'colcon_core.shell.bat': Not used on non-Windows systems
[1.468s] INFO:colcon.colcon_core.shell:Creating environment hook '/home/pc/dev_src/install/teleop_pc/share/teleop_pc/hook/ament_prefix_path.ps1'
[1.469s] INFO:colcon.colcon_core.shell:Creating environment descriptor '/home/pc/dev_src/install/teleop_pc/share/teleop_pc/hook/ament_prefix_path.dsv'
[1.469s] INFO:colcon.colcon_core.shell:Creating environment hook '/home/pc/dev_src/install/teleop_pc/share/teleop_pc/hook/ament_prefix_path.sh'
[1.488s] INFO:colcon.colcon_core.shell:Skip shell extension 'powershell' for command environment: Not usable outside of PowerShell
[1.488s] DEBUG:colcon.colcon_core.shell:Skip shell extension 'dsv' for command environment
[1.852s] INFO:colcon.colcon_core.task.python.build:Building Python package in '/home/pc/dev_src/src/teleop_pc'
[1.868s] INFO:colcon.colcon_core.shell:Skip shell extension 'powershell' for command environment: Not usable outside of PowerShell
[1.868s] DEBUG:colcon.colcon_core.shell:Skip shell extension 'dsv' for command environment
[2.277s] DEBUG:colcon.colcon_core.event_handler.log_command:Invoking command in '/home/pc/dev_src/src/teleop_pc': PYTHONPATH=/home/pc/dev_src/build/teleop_pc/prefix_override:/home/pc/dev_src/install/teleop_pc/lib/python3.10/site-packages:${PYTHONPATH} /usr/bin/python3 setup.py egg_info --egg-base ../../build/teleop_pc build --build-base /home/pc/dev_src/build/teleop_pc/build install --record /home/pc/dev_src/build/teleop_pc/install.log --single-version-externally-managed
[2.599s] DEBUG:colcon.colcon_core.event_handler.log_command:Invoked command in '/home/pc/dev_src/src/teleop_pc' returned '0': PYTHONPATH=/home/pc/dev_src/build/teleop_pc/prefix_override:/home/pc/dev_src/install/teleop_pc/lib/python3.10/site-packages:${PYTHONPATH} /usr/bin/python3 setup.py egg_info --egg-base ../../build/teleop_pc build --build-base /home/pc/dev_src/build/teleop_pc/build install --record /home/pc/dev_src/build/teleop_pc/install.log --single-version-externally-managed
[2.617s] Level 1:colcon.colcon_core.environment:checking '/home/pc/dev_src/install/teleop_pc' for CMake module files
[2.617s] Level 1:colcon.colcon_core.environment:checking '/home/pc/dev_src/install/teleop_pc' for CMake config files
[2.618s] Level 1:colcon.colcon_core.environment:checking '/home/pc/dev_src/install/teleop_pc/lib'
[2.618s] Level 1:colcon.colcon_core.environment:checking '/home/pc/dev_src/install/teleop_pc/bin'
[2.618s] Level 1:colcon.colcon_core.environment:checking '/home/pc/dev_src/install/teleop_pc/lib/pkgconfig/teleop_pc.pc'
[2.618s] Level 1:colcon.colcon_core.environment:checking '/home/pc/dev_src/install/teleop_pc/lib/python3.10/site-packages'
[2.618s] Level 1:colcon.colcon_core.shell:create_environment_hook('teleop_pc', 'pythonpath')
[2.635s] INFO:colcon.colcon_core.shell:Creating environment hook '/home/pc/dev_src/install/teleop_pc/share/teleop_pc/hook/pythonpath.ps1'
[2.636s] INFO:colcon.colcon_core.shell:Creating environment descriptor '/home/pc/dev_src/install/teleop_pc/share/teleop_pc/hook/pythonpath.dsv'
[2.636s] INFO:colcon.colcon_core.shell:Creating environment hook '/home/pc/dev_src/install/teleop_pc/share/teleop_pc/hook/pythonpath.sh'
[2.637s] Level 1:colcon.colcon_core.environment:checking '/home/pc/dev_src/install/teleop_pc/bin'
[2.637s] Level 1:colcon.colcon_core.environment:create_environment_scripts_only(teleop_pc)
[2.654s] INFO:colcon.colcon_core.shell:Creating package script '/home/pc/dev_src/install/teleop_pc/share/teleop_pc/package.ps1'
[2.655s] INFO:colcon.colcon_core.shell:Creating package descriptor '/home/pc/dev_src/install/teleop_pc/share/teleop_pc/package.dsv'
[2.655s] INFO:colcon.colcon_core.shell:Creating package script '/home/pc/dev_src/install/teleop_pc/share/teleop_pc/package.sh'
[2.656s] INFO:colcon.colcon_core.shell:Creating package script '/home/pc/dev_src/install/teleop_pc/share/teleop_pc/package.bash'
[2.657s] INFO:colcon.colcon_core.shell:Creating package script '/home/pc/dev_src/install/teleop_pc/share/teleop_pc/package.zsh'
[2.658s] Level 1:colcon.colcon_core.environment:create_file_with_runtime_dependencies(/home/pc/dev_src/install/teleop_pc/share/colcon-core/packages/teleop_pc)
[2.659s] DEBUG:colcon.colcon_parallel_executor.executor.parallel:closing loop
[2.659s] DEBUG:colcon.colcon_parallel_executor.executor.parallel:loop closed
[2.659s] DEBUG:colcon.colcon_parallel_executor.executor.parallel:run_until_complete finished with '0'
[2.659s] DEBUG:colcon.colcon_core.event_reactor:joining thread
[2.683s] INFO:colcon.colcon_core.plugin_system:Skipping extension 'colcon_notification.desktop_notification.terminal_notifier': Not used on non-Darwin systems
[2.683s] INFO:colcon.colcon_core.plugin_system:Skipping extension 'colcon_notification.desktop_notification.win32': Not used on non-Windows systems
[2.683s] INFO:colcon.colcon_notification.desktop_notification:Sending desktop notification using 'notify2'
[2.700s] DEBUG:colcon.colcon_core.event_reactor:joined thread
[2.718s] INFO:colcon.colcon_core.shell:Creating prefix script '/home/pc/dev_src/install/local_setup.ps1'
[2.719s] INFO:colcon.colcon_core.shell:Creating prefix util module '/home/pc/dev_src/install/_local_setup_util_ps1.py'
[2.720s] INFO:colcon.colcon_core.shell:Creating prefix chain script '/home/pc/dev_src/install/setup.ps1'
[2.740s] INFO:colcon.colcon_core.shell:Creating prefix script '/home/pc/dev_src/install/local_setup.sh'
[2.740s] INFO:colcon.colcon_core.shell:Creating prefix util module '/home/pc/dev_src/install/_local_setup_util_sh.py'
[2.741s] INFO:colcon.colcon_core.shell:Creating prefix chain script '/home/pc/dev_src/install/setup.sh'
[2.773s] INFO:colcon.colcon_core.shell:Creating prefix script '/home/pc/dev_src/install/local_setup.bash'
[2.773s] INFO:colcon.colcon_core.shell:Creating prefix chain script '/home/pc/dev_src/install/setup.bash'
[2.791s] INFO:colcon.colcon_core.shell:Creating prefix script '/home/pc/dev_src/install/local_setup.zsh'
[2.791s] INFO:colcon.colcon_core.shell:Creating prefix chain script '/home/pc/dev_src/install/setup.zsh'
