running egg_info
creating ../../build/teleop_pc/teleop_pc.egg-info
writing ../../build/teleop_pc/teleop_pc.egg-info/PKG-INFO
writing dependency_links to ../../build/teleop_pc/teleop_pc.egg-info/dependency_links.txt
writing entry points to ../../build/teleop_pc/teleop_pc.egg-info/entry_points.txt
writing requirements to ../../build/teleop_pc/teleop_pc.egg-info/requires.txt
writing top-level names to ../../build/teleop_pc/teleop_pc.egg-info/top_level.txt
writing manifest file '../../build/teleop_pc/teleop_pc.egg-info/SOURCES.txt'
reading manifest file '../../build/teleop_pc/teleop_pc.egg-info/SOURCES.txt'
writing manifest file '../../build/teleop_pc/teleop_pc.egg-info/SOURCES.txt'
running build
running build_py
creating /home/pc/dev_src/build/teleop_pc/build
creating /home/pc/dev_src/build/teleop_pc/build/lib
creating /home/pc/dev_src/build/teleop_pc/build/lib/teleop_pc
copying teleop_pc/__init__.py -> /home/pc/dev_src/build/teleop_pc/build/lib/teleop_pc
copying teleop_pc/teleop_pc_node.py -> /home/pc/dev_src/build/teleop_pc/build/lib/teleop_pc
running install
/usr/lib/python3/dist-packages/setuptools/command/install.py:34: SetuptoolsDeprecationWarning: setup.py install is deprecated. Use build and pip and other standards-based tools.
  warnings.warn(
running install_lib
creating /home/pc/dev_src/install/teleop_pc/lib/python3.10/site-packages/teleop_pc
copying /home/pc/dev_src/build/teleop_pc/build/lib/teleop_pc/__init__.py -> /home/pc/dev_src/install/teleop_pc/lib/python3.10/site-packages/teleop_pc
copying /home/pc/dev_src/build/teleop_pc/build/lib/teleop_pc/teleop_pc_node.py -> /home/pc/dev_src/install/teleop_pc/lib/python3.10/site-packages/teleop_pc
byte-compiling /home/pc/dev_src/install/teleop_pc/lib/python3.10/site-packages/teleop_pc/__init__.py to __init__.cpython-310.pyc
byte-compiling /home/pc/dev_src/install/teleop_pc/lib/python3.10/site-packages/teleop_pc/teleop_pc_node.py to teleop_pc_node.cpython-310.pyc
running install_data
creating /home/pc/dev_src/install/teleop_pc/share/ament_index
creating /home/pc/dev_src/install/teleop_pc/share/ament_index/resource_index
creating /home/pc/dev_src/install/teleop_pc/share/ament_index/resource_index/packages
copying resource/teleop_pc -> /home/pc/dev_src/install/teleop_pc/share/ament_index/resource_index/packages
copying package.xml -> /home/pc/dev_src/install/teleop_pc/share/teleop_pc
running install_egg_info
Copying ../../build/teleop_pc/teleop_pc.egg-info to /home/pc/dev_src/install/teleop_pc/lib/python3.10/site-packages/teleop_pc-0.0.0-py3.10.egg-info
running install_scripts
writing list of installed files to '/home/pc/dev_src/build/teleop_pc/install.log'
