running egg_info
writing build/teleop_pc/teleop_pc.egg-info/PKG-INFO
writing dependency_links to build/teleop_pc/teleop_pc.egg-info/dependency_links.txt
writing entry points to build/teleop_pc/teleop_pc.egg-info/entry_points.txt
writing requirements to build/teleop_pc/teleop_pc.egg-info/requires.txt
writing top-level names to build/teleop_pc/teleop_pc.egg-info/top_level.txt
reading manifest file 'build/teleop_pc/teleop_pc.egg-info/SOURCES.txt'
writing manifest file 'build/teleop_pc/teleop_pc.egg-info/SOURCES.txt'
running build
running build_py
running install
/usr/lib/python3/dist-packages/setuptools/command/install.py:34: SetuptoolsDeprecationWarning: setup.py install is deprecated. Use build and pip and other standards-based tools.
  warnings.warn(
running install_lib
running install_data
running install_egg_info
removing '/home/pc/dev_src/src/teleop_pc/install/teleop_pc/lib/python3.10/site-packages/teleop_pc-0.0.0-py3.10.egg-info' (and everything under it)
Copying build/teleop_pc/teleop_pc.egg-info to /home/pc/dev_src/src/teleop_pc/install/teleop_pc/lib/python3.10/site-packages/teleop_pc-0.0.0-py3.10.egg-info
running install_scripts
Installing teleop_pc_node script to /home/pc/dev_src/src/teleop_pc/install/teleop_pc/lib/teleop_pc
writing list of installed files to '/home/pc/dev_src/src/teleop_pc/build/teleop_pc/install.log'
