[0.162s] Invoking command in '/home/pc/dev_src/build/ldlidar_stl_ros2': CMAKE_PREFIX_PATH=${CMAKE_PREFIX_PATH}:/home/pc/dev_src/install/teleop_pc:/opt/ros/humble /usr/bin/cmake /home/pc/dev_src/src/ldlidar_stl_ros2 -DCMAKE_INSTALL_PREFIX=/home/pc/dev_src/install/ldlidar_stl_ros2
[0.425s] -- The C compiler identification is GNU 11.4.0
[0.567s] -- The CXX compiler identification is GNU 11.4.0
[0.583s] -- Detecting C compiler ABI info
[0.667s] -- Detecting C compiler ABI info - done
[0.676s] -- Check for working C compiler: /usr/bin/cc - skipped
[0.677s] -- Detecting C compile features
[0.679s] -- Detecting C compile features - done
[0.683s] -- Detecting CXX compiler ABI info
[0.764s] -- Detecting CXX compiler ABI info - done
[0.772s] -- Check for working CXX compiler: /usr/bin/c++ - skipped
[0.773s] -- Detecting CXX compile features
[0.774s] -- Detecting CXX compile features - done
[0.785s] -- Found ament_cmake: 1.3.6 (/opt/ros/humble/share/ament_cmake/cmake)
[0.977s] -- Found Python3: /usr/bin/python3.10 (found version "3.10.12") found components: Interpreter 
[1.106s] -- Found rclcpp: 16.0.7 (/opt/ros/humble/share/rclcpp/cmake)
[1.190s] -- Found rosidl_generator_c: 3.1.5 (/opt/ros/humble/share/rosidl_generator_c/cmake)
[1.200s] -- Found rosidl_adapter: 3.1.5 (/opt/ros/humble/share/rosidl_adapter/cmake)
[1.218s] -- Found rosidl_generator_cpp: 3.1.5 (/opt/ros/humble/share/rosidl_generator_cpp/cmake)
[1.249s] -- Using all available rosidl_typesupport_c: rosidl_typesupport_fastrtps_c;rosidl_typesupport_introspection_c
[1.281s] -- Using all available rosidl_typesupport_cpp: rosidl_typesupport_fastrtps_cpp;rosidl_typesupport_introspection_cpp
[1.402s] -- Found rmw_implementation_cmake: 6.1.1 (/opt/ros/humble/share/rmw_implementation_cmake/cmake)
[1.410s] -- Found rmw_fastrtps_cpp: 6.2.5 (/opt/ros/humble/share/rmw_fastrtps_cpp/cmake)
[1.547s] -- Found OpenSSL: /usr/lib/x86_64-linux-gnu/libcrypto.so (found version "3.0.2")  
[1.575s] -- Found FastRTPS: /opt/ros/humble/include  
[1.622s] -- Using RMW implementation 'rmw_fastrtps_cpp' as default
[1.643s] -- Looking for pthread.h
[1.742s] -- Looking for pthread.h - found
[1.742s] -- Performing Test CMAKE_HAVE_LIBC_PTHREAD
[1.811s] -- Performing Test CMAKE_HAVE_LIBC_PTHREAD - Success
[1.812s] -- Found Threads: TRUE  
[2.032s] -- Found sensor_msgs: 4.2.3 (/opt/ros/humble/share/sensor_msgs/cmake)
[2.197s] -- Found ament_lint_auto: 0.12.9 (/opt/ros/humble/share/ament_lint_auto/cmake)
[2.297s] -- Added test 'copyright' to check source files copyright and LICENSE
[2.302s] -- Added test 'cppcheck' to perform static code analysis on C / C++ code
[2.303s] -- Configured cppcheck include dirs: /home/pc/dev_src/src/ldlidar_stl_ros2/include;/home/pc/dev_src/src/ldlidar_stl_ros2/ldlidar_driver/include/core;/home/pc/dev_src/src/ldlidar_stl_ros2/ldlidar_driver/include/dataprocess;/home/pc/dev_src/src/ldlidar_stl_ros2/ldlidar_driver/include/filter;/home/pc/dev_src/src/ldlidar_stl_ros2/ldlidar_driver/include/logger;/home/pc/dev_src/src/ldlidar_stl_ros2/ldlidar_driver/include/networkcom;/home/pc/dev_src/src/ldlidar_stl_ros2/ldlidar_driver/include/serialcom
[2.303s] -- Configured cppcheck exclude dirs and/or files: 
[2.308s] -- Added test 'cpplint' to check C / C++ code against the Google style
[2.308s] -- Configured cpplint exclude dirs and/or files: 
[2.309s] -- Added test 'flake8' to check Python code syntax and style conventions
[2.311s] -- Added test 'lint_cmake' to check CMake code style
[2.313s] -- Added test 'pep257' to check Python code against some of the docstring style conventions in PEP 257
[2.317s] -- Added test 'uncrustify' to check C / C++ code style
[2.317s] -- Configured uncrustify additional arguments: 
[2.319s] -- Added test 'xmllint' to check XML markup files
[2.321s] -- Configuring done
[2.332s] -- Generating done
[2.333s] -- Build files have been written to: /home/pc/dev_src/build/ldlidar_stl_ros2
[2.343s] Invoked command in '/home/pc/dev_src/build/ldlidar_stl_ros2' returned '0': CMAKE_PREFIX_PATH=${CMAKE_PREFIX_PATH}:/home/pc/dev_src/install/teleop_pc:/opt/ros/humble /usr/bin/cmake /home/pc/dev_src/src/ldlidar_stl_ros2 -DCMAKE_INSTALL_PREFIX=/home/pc/dev_src/install/ldlidar_stl_ros2
[2.345s] Invoking command in '/home/pc/dev_src/build/ldlidar_stl_ros2': CMAKE_PREFIX_PATH=${CMAKE_PREFIX_PATH}:/home/pc/dev_src/install/teleop_pc:/opt/ros/humble /usr/bin/cmake --build /home/pc/dev_src/build/ldlidar_stl_ros2 -- -j2 -l2
[2.392s] [ 25%] [32mBuilding CXX object CMakeFiles/ldlidar_stl_ros2_node.dir/src/demo.cpp.o[0m
[2.392s] [ 25%] [32mBuilding CXX object CMakeFiles/ldlidar_stl_ros2_node.dir/ldlidar_driver/src/core/ldlidar_driver.cpp.o[0m
[3.309s] [ 37%] [32mBuilding CXX object CMakeFiles/ldlidar_stl_ros2_node.dir/ldlidar_driver/src/dataprocess/lipkg.cpp.o[0m
[4.040s] [ 50%] [32mBuilding CXX object CMakeFiles/ldlidar_stl_ros2_node.dir/ldlidar_driver/src/filter/tofbf.cpp.o[0m
[4.782s] [ 62%] [32mBuilding CXX object CMakeFiles/ldlidar_stl_ros2_node.dir/ldlidar_driver/src/logger/log_module.cpp.o[0m
[5.049s] [ 75%] [32mBuilding CXX object CMakeFiles/ldlidar_stl_ros2_node.dir/ldlidar_driver/src/networkcom/network_socket_interface_linux.cpp.o[0m
[5.693s] [ 87%] [32mBuilding CXX object CMakeFiles/ldlidar_stl_ros2_node.dir/ldlidar_driver/src/serialcom/serial_interface_linux.cpp.o[0m
[7.113s] [100%] [32m[1mLinking CXX executable ldlidar_stl_ros2_node[0m
[7.412s] [100%] Built target ldlidar_stl_ros2_node
[7.426s] Invoked command in '/home/pc/dev_src/build/ldlidar_stl_ros2' returned '0': CMAKE_PREFIX_PATH=${CMAKE_PREFIX_PATH}:/home/pc/dev_src/install/teleop_pc:/opt/ros/humble /usr/bin/cmake --build /home/pc/dev_src/build/ldlidar_stl_ros2 -- -j2 -l2
[7.476s] Invoking command in '/home/pc/dev_src/build/ldlidar_stl_ros2': CMAKE_PREFIX_PATH=${CMAKE_PREFIX_PATH}:/home/pc/dev_src/install/teleop_pc:/opt/ros/humble /usr/bin/cmake --install /home/pc/dev_src/build/ldlidar_stl_ros2
[7.483s] -- Install configuration: ""
[7.483s] -- Installing: /home/pc/dev_src/install/ldlidar_stl_ros2/lib/ldlidar_stl_ros2/ldlidar_stl_ros2_node
[7.484s] -- Set runtime path of "/home/pc/dev_src/install/ldlidar_stl_ros2/lib/ldlidar_stl_ros2/ldlidar_stl_ros2_node" to ""
[7.484s] -- Installing: /home/pc/dev_src/install/ldlidar_stl_ros2/share/ldlidar_stl_ros2//launch
[7.484s] -- Installing: /home/pc/dev_src/install/ldlidar_stl_ros2/share/ldlidar_stl_ros2//launch/stl27l.launch.py
[7.485s] -- Installing: /home/pc/dev_src/install/ldlidar_stl_ros2/share/ldlidar_stl_ros2//launch/viewer_ld06.launch.py
[7.485s] -- Installing: /home/pc/dev_src/install/ldlidar_stl_ros2/share/ldlidar_stl_ros2//launch/viewer_stl27l.launch.py
[7.485s] -- Installing: /home/pc/dev_src/install/ldlidar_stl_ros2/share/ldlidar_stl_ros2//launch/ld06.launch.py
[7.485s] -- Installing: /home/pc/dev_src/install/ldlidar_stl_ros2/share/ldlidar_stl_ros2//launch/viewer_ld19.launch.py
[7.485s] -- Installing: /home/pc/dev_src/install/ldlidar_stl_ros2/share/ldlidar_stl_ros2//launch/ld19.launch.py
[7.485s] -- Installing: /home/pc/dev_src/install/ldlidar_stl_ros2/share/ldlidar_stl_ros2//rviz2
[7.485s] -- Installing: /home/pc/dev_src/install/ldlidar_stl_ros2/share/ldlidar_stl_ros2//rviz2/ldlidar.rviz
[7.485s] -- Installing: /home/pc/dev_src/install/ldlidar_stl_ros2/share/ament_index/resource_index/package_run_dependencies/ldlidar_stl_ros2
[7.485s] -- Installing: /home/pc/dev_src/install/ldlidar_stl_ros2/share/ament_index/resource_index/parent_prefix_path/ldlidar_stl_ros2
[7.486s] -- Installing: /home/pc/dev_src/install/ldlidar_stl_ros2/share/ldlidar_stl_ros2/environment/ament_prefix_path.sh
[7.486s] -- Installing: /home/pc/dev_src/install/ldlidar_stl_ros2/share/ldlidar_stl_ros2/environment/ament_prefix_path.dsv
[7.486s] -- Installing: /home/pc/dev_src/install/ldlidar_stl_ros2/share/ldlidar_stl_ros2/environment/path.sh
[7.486s] -- Installing: /home/pc/dev_src/install/ldlidar_stl_ros2/share/ldlidar_stl_ros2/environment/path.dsv
[7.487s] -- Installing: /home/pc/dev_src/install/ldlidar_stl_ros2/share/ldlidar_stl_ros2/local_setup.bash
[7.487s] -- Installing: /home/pc/dev_src/install/ldlidar_stl_ros2/share/ldlidar_stl_ros2/local_setup.sh
[7.488s] -- Installing: /home/pc/dev_src/install/ldlidar_stl_ros2/share/ldlidar_stl_ros2/local_setup.zsh
[7.488s] -- Installing: /home/pc/dev_src/install/ldlidar_stl_ros2/share/ldlidar_stl_ros2/local_setup.dsv
[7.488s] -- Installing: /home/pc/dev_src/install/ldlidar_stl_ros2/share/ldlidar_stl_ros2/package.dsv
[7.488s] -- Installing: /home/pc/dev_src/install/ldlidar_stl_ros2/share/ament_index/resource_index/packages/ldlidar_stl_ros2
[7.488s] -- Installing: /home/pc/dev_src/install/ldlidar_stl_ros2/share/ldlidar_stl_ros2/cmake/ldlidar_stl_ros2Config.cmake
[7.489s] -- Installing: /home/pc/dev_src/install/ldlidar_stl_ros2/share/ldlidar_stl_ros2/cmake/ldlidar_stl_ros2Config-version.cmake
[7.489s] -- Installing: /home/pc/dev_src/install/ldlidar_stl_ros2/share/ldlidar_stl_ros2/package.xml
[7.498s] Invoked command in '/home/pc/dev_src/build/ldlidar_stl_ros2' returned '0': CMAKE_PREFIX_PATH=${CMAKE_PREFIX_PATH}:/home/pc/dev_src/install/teleop_pc:/opt/ros/humble /usr/bin/cmake --install /home/pc/dev_src/build/ldlidar_stl_ros2
