[1.101s] DEBUG:colcon:Command line arguments: ['/usr/bin/colcon', 'build']
[1.102s] DEBUG:colcon:Parsed command line arguments: Namespace(log_base=None, log_level=None, verb_name='build', build_base='build', install_base='install', merge_install=False, symlink_install=False, test_result_base=None, continue_on_error=False, executor='parallel', parallel_workers=2, event_handlers=None, ignore_user_meta=False, metas=['./colcon.meta'], base_paths=['.'], packages_ignore=None, packages_ignore_regex=None, paths=None, packages_up_to=None, packages_up_to_regex=None, packages_above=None, packages_above_and_dependencies=None, packages_above_depth=None, packages_select_by_dep=None, packages_skip_by_dep=None, packages_skip_up_to=None, packages_select_build_failed=False, packages_skip_build_finished=False, packages_select_test_failures=False, packages_skip_test_passed=False, packages_select=None, packages_skip=None, packages_select_regex=None, packages_skip_regex=None, packages_start=None, packages_end=None, allow_overriding=[], cmake_args=None, cmake_target=None, cmake_target_skip_unavailable=False, cmake_clean_cache=False, cmake_clean_first=False, cmake_force_configure=False, ament_cmake_args=None, catkin_cmake_args=None, catkin_skip_building_tests=False, verb_parser=<colcon_defaults.argument_parser.defaults.DefaultArgumentsDecorator object at 0x7f72518a4bb0>, verb_extension=<colcon_core.verb.build.BuildVerb object at 0x7f72518a6020>, main=<bound method BuildVerb.main of <colcon_core.verb.build.BuildVerb object at 0x7f72518a6020>>)
[1.157s] Level 1:colcon.colcon_core.package_discovery:discover_packages(colcon_meta) check parameters
[1.158s] Level 1:colcon.colcon_core.package_discovery:discover_packages(recursive) check parameters
[1.158s] Level 1:colcon.colcon_core.package_discovery:discover_packages(ignore) check parameters
[1.158s] Level 1:colcon.colcon_core.package_discovery:discover_packages(path) check parameters
[1.158s] Level 1:colcon.colcon_core.package_discovery:discover_packages(colcon_meta) discover
[1.158s] Level 1:colcon.colcon_core.package_discovery:discover_packages(recursive) discover
[1.158s] INFO:colcon.colcon_core.package_discovery:Crawling recursively for packages in '/home/pc/dev_src/src/teleop_pc'
[1.158s] Level 1:colcon.colcon_core.package_identification:_identify(.) by extensions ['ignore', 'ignore_ament_install']
[1.159s] Level 1:colcon.colcon_core.package_identification:_identify(.) by extension 'ignore'
[1.159s] Level 1:colcon.colcon_core.package_identification:_identify(.) by extension 'ignore_ament_install'
[1.159s] Level 1:colcon.colcon_core.package_identification:_identify(.) by extensions ['colcon_pkg']
[1.159s] Level 1:colcon.colcon_core.package_identification:_identify(.) by extension 'colcon_pkg'
[1.159s] Level 1:colcon.colcon_core.package_identification:_identify(.) by extensions ['colcon_meta']
[1.160s] Level 1:colcon.colcon_core.package_identification:_identify(.) by extension 'colcon_meta'
[1.160s] Level 1:colcon.colcon_core.package_identification:_identify(.) by extensions ['ros']
[1.160s] Level 1:colcon.colcon_core.package_identification:_identify(.) by extension 'ros'
[1.178s] DEBUG:colcon.colcon_core.package_identification:Package '.' with type 'ros.ament_python' and name 'teleop_pc'
[1.178s] Level 1:colcon.colcon_core.package_discovery:discover_packages(recursive) using defaults
[1.178s] Level 1:colcon.colcon_core.package_discovery:discover_packages(ignore) discover
[1.178s] Level 1:colcon.colcon_core.package_discovery:discover_packages(ignore) using defaults
[1.178s] Level 1:colcon.colcon_core.package_discovery:discover_packages(path) discover
[1.178s] Level 1:colcon.colcon_core.package_discovery:discover_packages(path) using defaults
[1.282s] Level 1:colcon.colcon_core.package_discovery:discover_packages(prefix_path) check parameters
[1.282s] Level 1:colcon.colcon_core.package_discovery:discover_packages(prefix_path) discover
[1.318s] DEBUG:colcon.colcon_installed_package_information.package_discovery:Found 270 installed packages in /opt/ros/humble
[1.320s] Level 1:colcon.colcon_core.package_discovery:discover_packages(prefix_path) using defaults
[1.426s] Level 5:colcon.colcon_core.verb:set package 'teleop_pc' build argument 'cmake_args' from command line to 'None'
[1.426s] Level 5:colcon.colcon_core.verb:set package 'teleop_pc' build argument 'cmake_target' from command line to 'None'
[1.426s] Level 5:colcon.colcon_core.verb:set package 'teleop_pc' build argument 'cmake_target_skip_unavailable' from command line to 'False'
[1.427s] Level 5:colcon.colcon_core.verb:set package 'teleop_pc' build argument 'cmake_clean_cache' from command line to 'False'
[1.427s] Level 5:colcon.colcon_core.verb:set package 'teleop_pc' build argument 'cmake_clean_first' from command line to 'False'
[1.427s] Level 5:colcon.colcon_core.verb:set package 'teleop_pc' build argument 'cmake_force_configure' from command line to 'False'
[1.427s] Level 5:colcon.colcon_core.verb:set package 'teleop_pc' build argument 'ament_cmake_args' from command line to 'None'
[1.427s] Level 5:colcon.colcon_core.verb:set package 'teleop_pc' build argument 'catkin_cmake_args' from command line to 'None'
[1.427s] Level 5:colcon.colcon_core.verb:set package 'teleop_pc' build argument 'catkin_skip_building_tests' from command line to 'False'
[1.427s] DEBUG:colcon.colcon_core.verb:Building package 'teleop_pc' with the following arguments: {'ament_cmake_args': None, 'build_base': '/home/pc/dev_src/src/teleop_pc/build/teleop_pc', 'catkin_cmake_args': None, 'catkin_skip_building_tests': False, 'cmake_args': None, 'cmake_clean_cache': False, 'cmake_clean_first': False, 'cmake_force_configure': False, 'cmake_target': None, 'cmake_target_skip_unavailable': False, 'install_base': '/home/pc/dev_src/src/teleop_pc/install/teleop_pc', 'merge_install': False, 'path': '/home/pc/dev_src/src/teleop_pc', 'symlink_install': False, 'test_result_base': None}
[1.444s] INFO:colcon.colcon_core.executor:Executing jobs using 'parallel' executor
[1.463s] DEBUG:colcon.colcon_parallel_executor.executor.parallel:run_until_complete
[1.463s] INFO:colcon.colcon_ros.task.ament_python.build:Building ROS package in '/home/pc/dev_src/src/teleop_pc' with build type 'ament_python'
[1.464s] Level 1:colcon.colcon_core.shell:create_environment_hook('teleop_pc', 'ament_prefix_path')
[1.491s] INFO:colcon.colcon_core.plugin_system:Skipping extension 'colcon_core.shell.bat': Not used on non-Windows systems
[1.492s] INFO:colcon.colcon_core.shell:Creating environment hook '/home/pc/dev_src/src/teleop_pc/install/teleop_pc/share/teleop_pc/hook/ament_prefix_path.ps1'
[1.494s] INFO:colcon.colcon_core.shell:Creating environment descriptor '/home/pc/dev_src/src/teleop_pc/install/teleop_pc/share/teleop_pc/hook/ament_prefix_path.dsv'
[1.495s] INFO:colcon.colcon_core.shell:Creating environment hook '/home/pc/dev_src/src/teleop_pc/install/teleop_pc/share/teleop_pc/hook/ament_prefix_path.sh'
[1.512s] INFO:colcon.colcon_core.shell:Skip shell extension 'powershell' for command environment: Not usable outside of PowerShell
[1.512s] DEBUG:colcon.colcon_core.shell:Skip shell extension 'dsv' for command environment
[1.888s] INFO:colcon.colcon_core.task.python.build:Building Python package in '/home/pc/dev_src/src/teleop_pc'
[1.913s] INFO:colcon.colcon_core.shell:Skip shell extension 'powershell' for command environment: Not usable outside of PowerShell
[1.913s] DEBUG:colcon.colcon_core.shell:Skip shell extension 'dsv' for command environment
[2.342s] DEBUG:colcon.colcon_core.event_handler.log_command:Invoking command in '/home/pc/dev_src/src/teleop_pc': PYTHONPATH=/home/pc/dev_src/src/teleop_pc/build/teleop_pc/prefix_override:/home/pc/dev_src/src/teleop_pc/install/teleop_pc/lib/python3.10/site-packages:${PYTHONPATH} /usr/bin/python3 setup.py egg_info --egg-base build/teleop_pc build --build-base /home/pc/dev_src/src/teleop_pc/build/teleop_pc/build install --record /home/pc/dev_src/src/teleop_pc/build/teleop_pc/install.log --single-version-externally-managed
[2.672s] DEBUG:colcon.colcon_core.event_handler.log_command:Invoked command in '/home/pc/dev_src/src/teleop_pc' returned '0': PYTHONPATH=/home/pc/dev_src/src/teleop_pc/build/teleop_pc/prefix_override:/home/pc/dev_src/src/teleop_pc/install/teleop_pc/lib/python3.10/site-packages:${PYTHONPATH} /usr/bin/python3 setup.py egg_info --egg-base build/teleop_pc build --build-base /home/pc/dev_src/src/teleop_pc/build/teleop_pc/build install --record /home/pc/dev_src/src/teleop_pc/build/teleop_pc/install.log --single-version-externally-managed
[2.696s] Level 1:colcon.colcon_core.environment:checking '/home/pc/dev_src/src/teleop_pc/install/teleop_pc' for CMake module files
[2.697s] Level 1:colcon.colcon_core.environment:checking '/home/pc/dev_src/src/teleop_pc/install/teleop_pc' for CMake config files
[2.698s] Level 1:colcon.colcon_core.environment:checking '/home/pc/dev_src/src/teleop_pc/install/teleop_pc/lib'
[2.698s] Level 1:colcon.colcon_core.environment:checking '/home/pc/dev_src/src/teleop_pc/install/teleop_pc/bin'
[2.698s] Level 1:colcon.colcon_core.environment:checking '/home/pc/dev_src/src/teleop_pc/install/teleop_pc/lib/pkgconfig/teleop_pc.pc'
[2.698s] Level 1:colcon.colcon_core.environment:checking '/home/pc/dev_src/src/teleop_pc/install/teleop_pc/lib/python3.10/site-packages'
[2.698s] Level 1:colcon.colcon_core.shell:create_environment_hook('teleop_pc', 'pythonpath')
[2.715s] INFO:colcon.colcon_core.shell:Creating environment hook '/home/pc/dev_src/src/teleop_pc/install/teleop_pc/share/teleop_pc/hook/pythonpath.ps1'
[2.716s] INFO:colcon.colcon_core.shell:Creating environment descriptor '/home/pc/dev_src/src/teleop_pc/install/teleop_pc/share/teleop_pc/hook/pythonpath.dsv'
[2.716s] INFO:colcon.colcon_core.shell:Creating environment hook '/home/pc/dev_src/src/teleop_pc/install/teleop_pc/share/teleop_pc/hook/pythonpath.sh'
[2.717s] Level 1:colcon.colcon_core.environment:checking '/home/pc/dev_src/src/teleop_pc/install/teleop_pc/bin'
[2.717s] Level 1:colcon.colcon_core.environment:create_environment_scripts_only(teleop_pc)
[2.735s] INFO:colcon.colcon_core.shell:Creating package script '/home/pc/dev_src/src/teleop_pc/install/teleop_pc/share/teleop_pc/package.ps1'
[2.737s] INFO:colcon.colcon_core.shell:Creating package descriptor '/home/pc/dev_src/src/teleop_pc/install/teleop_pc/share/teleop_pc/package.dsv'
[2.738s] INFO:colcon.colcon_core.shell:Creating package script '/home/pc/dev_src/src/teleop_pc/install/teleop_pc/share/teleop_pc/package.sh'
[2.739s] INFO:colcon.colcon_core.shell:Creating package script '/home/pc/dev_src/src/teleop_pc/install/teleop_pc/share/teleop_pc/package.bash'
[2.740s] INFO:colcon.colcon_core.shell:Creating package script '/home/pc/dev_src/src/teleop_pc/install/teleop_pc/share/teleop_pc/package.zsh'
[2.742s] Level 1:colcon.colcon_core.environment:create_file_with_runtime_dependencies(/home/pc/dev_src/src/teleop_pc/install/teleop_pc/share/colcon-core/packages/teleop_pc)
[2.743s] DEBUG:colcon.colcon_parallel_executor.executor.parallel:closing loop
[2.743s] DEBUG:colcon.colcon_parallel_executor.executor.parallel:loop closed
[2.744s] DEBUG:colcon.colcon_parallel_executor.executor.parallel:run_until_complete finished with '0'
[2.744s] DEBUG:colcon.colcon_core.event_reactor:joining thread
[2.778s] INFO:colcon.colcon_core.plugin_system:Skipping extension 'colcon_notification.desktop_notification.terminal_notifier': Not used on non-Darwin systems
[2.778s] INFO:colcon.colcon_core.plugin_system:Skipping extension 'colcon_notification.desktop_notification.win32': Not used on non-Windows systems
[2.778s] INFO:colcon.colcon_notification.desktop_notification:Sending desktop notification using 'notify2'
[2.808s] DEBUG:colcon.colcon_core.event_reactor:joined thread
[2.827s] INFO:colcon.colcon_core.shell:Creating prefix script '/home/pc/dev_src/src/teleop_pc/install/local_setup.ps1'
[2.831s] INFO:colcon.colcon_core.shell:Creating prefix util module '/home/pc/dev_src/src/teleop_pc/install/_local_setup_util_ps1.py'
[2.836s] INFO:colcon.colcon_core.shell:Creating prefix chain script '/home/pc/dev_src/src/teleop_pc/install/setup.ps1'
[2.864s] INFO:colcon.colcon_core.shell:Creating prefix script '/home/pc/dev_src/src/teleop_pc/install/local_setup.sh'
[2.867s] INFO:colcon.colcon_core.shell:Creating prefix util module '/home/pc/dev_src/src/teleop_pc/install/_local_setup_util_sh.py'
[2.868s] INFO:colcon.colcon_core.shell:Creating prefix chain script '/home/pc/dev_src/src/teleop_pc/install/setup.sh'
[2.885s] INFO:colcon.colcon_core.shell:Creating prefix script '/home/pc/dev_src/src/teleop_pc/install/local_setup.bash'
[2.886s] INFO:colcon.colcon_core.shell:Creating prefix chain script '/home/pc/dev_src/src/teleop_pc/install/setup.bash'
[2.903s] INFO:colcon.colcon_core.shell:Creating prefix script '/home/pc/dev_src/src/teleop_pc/install/local_setup.zsh'
[2.905s] INFO:colcon.colcon_core.shell:Creating prefix chain script '/home/pc/dev_src/src/teleop_pc/install/setup.zsh'
