[1.166s] DEBUG:colcon:Command line arguments: ['/usr/bin/colcon', 'build']
[1.166s] DEBUG:colcon:Parsed command line arguments: Namespace(log_base=None, log_level=None, verb_name='build', build_base='build', install_base='install', merge_install=False, symlink_install=False, test_result_base=None, continue_on_error=False, executor='parallel', parallel_workers=2, event_handlers=None, ignore_user_meta=False, metas=['./colcon.meta'], base_paths=['.'], packages_ignore=None, packages_ignore_regex=None, paths=None, packages_up_to=None, packages_up_to_regex=None, packages_above=None, packages_above_and_dependencies=None, packages_above_depth=None, packages_select_by_dep=None, packages_skip_by_dep=None, packages_skip_up_to=None, packages_select_build_failed=False, packages_skip_build_finished=False, packages_select_test_failures=False, packages_skip_test_passed=False, packages_select=None, packages_skip=None, packages_select_regex=None, packages_skip_regex=None, packages_start=None, packages_end=None, allow_overriding=[], cmake_args=None, cmake_target=None, cmake_target_skip_unavailable=False, cmake_clean_cache=False, cmake_clean_first=False, cmake_force_configure=False, ament_cmake_args=None, catkin_cmake_args=None, catkin_skip_building_tests=False, verb_parser=<colcon_defaults.argument_parser.defaults.DefaultArgumentsDecorator object at 0x7f3caf6b3b50>, verb_extension=<colcon_core.verb.build.BuildVerb object at 0x7f3caf6b3160>, main=<bound method BuildVerb.main of <colcon_core.verb.build.BuildVerb object at 0x7f3caf6b3160>>)
[1.228s] Level 1:colcon.colcon_core.package_discovery:discover_packages(colcon_meta) check parameters
[1.228s] Level 1:colcon.colcon_core.package_discovery:discover_packages(recursive) check parameters
[1.228s] Level 1:colcon.colcon_core.package_discovery:discover_packages(ignore) check parameters
[1.228s] Level 1:colcon.colcon_core.package_discovery:discover_packages(path) check parameters
[1.228s] Level 1:colcon.colcon_core.package_discovery:discover_packages(colcon_meta) discover
[1.228s] Level 1:colcon.colcon_core.package_discovery:discover_packages(recursive) discover
[1.228s] INFO:colcon.colcon_core.package_discovery:Crawling recursively for packages in '/home/pc/dev_src'
[1.228s] Level 1:colcon.colcon_core.package_identification:_identify(.) by extensions ['ignore', 'ignore_ament_install']
[1.228s] Level 1:colcon.colcon_core.package_identification:_identify(.) by extension 'ignore'
[1.228s] Level 1:colcon.colcon_core.package_identification:_identify(.) by extension 'ignore_ament_install'
[1.228s] Level 1:colcon.colcon_core.package_identification:_identify(.) by extensions ['colcon_pkg']
[1.228s] Level 1:colcon.colcon_core.package_identification:_identify(.) by extension 'colcon_pkg'
[1.228s] Level 1:colcon.colcon_core.package_identification:_identify(.) by extensions ['colcon_meta']
[1.228s] Level 1:colcon.colcon_core.package_identification:_identify(.) by extension 'colcon_meta'
[1.228s] Level 1:colcon.colcon_core.package_identification:_identify(.) by extensions ['ros']
[1.228s] Level 1:colcon.colcon_core.package_identification:_identify(.) by extension 'ros'
[1.239s] Level 1:colcon.colcon_core.package_identification:_identify(.) by extensions ['cmake', 'python']
[1.239s] Level 1:colcon.colcon_core.package_identification:_identify(.) by extension 'cmake'
[1.239s] Level 1:colcon.colcon_core.package_identification:_identify(.) by extension 'python'
[1.239s] Level 1:colcon.colcon_core.package_identification:_identify(.) by extensions ['python_setup_py']
[1.239s] Level 1:colcon.colcon_core.package_identification:_identify(.) by extension 'python_setup_py'
[1.240s] Level 1:colcon.colcon_core.package_identification:_identify(build) by extensions ['ignore', 'ignore_ament_install']
[1.240s] Level 1:colcon.colcon_core.package_identification:_identify(build) by extension 'ignore'
[1.240s] Level 1:colcon.colcon_core.package_identification:_identify(build) ignored
[1.240s] Level 1:colcon.colcon_core.package_identification:_identify(install) by extensions ['ignore', 'ignore_ament_install']
[1.240s] Level 1:colcon.colcon_core.package_identification:_identify(install) by extension 'ignore'
[1.240s] Level 1:colcon.colcon_core.package_identification:_identify(install) ignored
[1.240s] Level 1:colcon.colcon_core.package_identification:_identify(log) by extensions ['ignore', 'ignore_ament_install']
[1.240s] Level 1:colcon.colcon_core.package_identification:_identify(log) by extension 'ignore'
[1.240s] Level 1:colcon.colcon_core.package_identification:_identify(log) ignored
[1.240s] Level 1:colcon.colcon_core.package_identification:_identify(src) by extensions ['ignore', 'ignore_ament_install']
[1.240s] Level 1:colcon.colcon_core.package_identification:_identify(src) by extension 'ignore'
[1.240s] Level 1:colcon.colcon_core.package_identification:_identify(src) by extension 'ignore_ament_install'
[1.241s] Level 1:colcon.colcon_core.package_identification:_identify(src) by extensions ['colcon_pkg']
[1.241s] Level 1:colcon.colcon_core.package_identification:_identify(src) by extension 'colcon_pkg'
[1.241s] Level 1:colcon.colcon_core.package_identification:_identify(src) by extensions ['colcon_meta']
[1.241s] Level 1:colcon.colcon_core.package_identification:_identify(src) by extension 'colcon_meta'
[1.241s] Level 1:colcon.colcon_core.package_identification:_identify(src) by extensions ['ros']
[1.241s] Level 1:colcon.colcon_core.package_identification:_identify(src) by extension 'ros'
[1.241s] Level 1:colcon.colcon_core.package_identification:_identify(src) by extensions ['cmake', 'python']
[1.241s] Level 1:colcon.colcon_core.package_identification:_identify(src) by extension 'cmake'
[1.241s] Level 1:colcon.colcon_core.package_identification:_identify(src) by extension 'python'
[1.241s] Level 1:colcon.colcon_core.package_identification:_identify(src) by extensions ['python_setup_py']
[1.241s] Level 1:colcon.colcon_core.package_identification:_identify(src) by extension 'python_setup_py'
[1.241s] Level 1:colcon.colcon_core.package_identification:_identify(src/ldlidar_stl_ros2) by extensions ['ignore', 'ignore_ament_install']
[1.241s] Level 1:colcon.colcon_core.package_identification:_identify(src/ldlidar_stl_ros2) by extension 'ignore'
[1.241s] Level 1:colcon.colcon_core.package_identification:_identify(src/ldlidar_stl_ros2) by extension 'ignore_ament_install'
[1.241s] Level 1:colcon.colcon_core.package_identification:_identify(src/ldlidar_stl_ros2) by extensions ['colcon_pkg']
[1.241s] Level 1:colcon.colcon_core.package_identification:_identify(src/ldlidar_stl_ros2) by extension 'colcon_pkg'
[1.241s] Level 1:colcon.colcon_core.package_identification:_identify(src/ldlidar_stl_ros2) by extensions ['colcon_meta']
[1.241s] Level 1:colcon.colcon_core.package_identification:_identify(src/ldlidar_stl_ros2) by extension 'colcon_meta'
[1.241s] Level 1:colcon.colcon_core.package_identification:_identify(src/ldlidar_stl_ros2) by extensions ['ros']
[1.241s] Level 1:colcon.colcon_core.package_identification:_identify(src/ldlidar_stl_ros2) by extension 'ros'
[1.245s] DEBUG:colcon.colcon_core.package_identification:Package 'src/ldlidar_stl_ros2' with type 'ros.ament_cmake' and name 'ldlidar_stl_ros2'
[1.245s] Level 1:colcon.colcon_core.package_identification:_identify(src/teleop_pc) by extensions ['ignore', 'ignore_ament_install']
[1.245s] Level 1:colcon.colcon_core.package_identification:_identify(src/teleop_pc) by extension 'ignore'
[1.245s] Level 1:colcon.colcon_core.package_identification:_identify(src/teleop_pc) by extension 'ignore_ament_install'
[1.245s] Level 1:colcon.colcon_core.package_identification:_identify(src/teleop_pc) by extensions ['colcon_pkg']
[1.245s] Level 1:colcon.colcon_core.package_identification:_identify(src/teleop_pc) by extension 'colcon_pkg'
[1.245s] Level 1:colcon.colcon_core.package_identification:_identify(src/teleop_pc) by extensions ['colcon_meta']
[1.245s] Level 1:colcon.colcon_core.package_identification:_identify(src/teleop_pc) by extension 'colcon_meta'
[1.245s] Level 1:colcon.colcon_core.package_identification:_identify(src/teleop_pc) by extensions ['ros']
[1.245s] Level 1:colcon.colcon_core.package_identification:_identify(src/teleop_pc) by extension 'ros'
[1.246s] DEBUG:colcon.colcon_core.package_identification:Package 'src/teleop_pc' with type 'ros.ament_python' and name 'teleop_pc'
[1.246s] Level 1:colcon.colcon_core.package_discovery:discover_packages(recursive) using defaults
[1.246s] Level 1:colcon.colcon_core.package_discovery:discover_packages(ignore) discover
[1.246s] Level 1:colcon.colcon_core.package_discovery:discover_packages(ignore) using defaults
[1.246s] Level 1:colcon.colcon_core.package_discovery:discover_packages(path) discover
[1.246s] Level 1:colcon.colcon_core.package_discovery:discover_packages(path) using defaults
[1.345s] Level 1:colcon.colcon_core.package_discovery:discover_packages(prefix_path) check parameters
[1.345s] Level 1:colcon.colcon_core.package_discovery:discover_packages(prefix_path) discover
[1.380s] DEBUG:colcon.colcon_installed_package_information.package_discovery:Found 4 installed packages in /home/pc/dev_src/install
[1.395s] DEBUG:colcon.colcon_installed_package_information.package_discovery:Found 280 installed packages in /opt/ros/humble
[1.397s] Level 1:colcon.colcon_core.package_discovery:discover_packages(prefix_path) using defaults
[1.517s] Level 5:colcon.colcon_core.verb:set package 'ldlidar_stl_ros2' build argument 'cmake_args' from command line to 'None'
[1.518s] Level 5:colcon.colcon_core.verb:set package 'ldlidar_stl_ros2' build argument 'cmake_target' from command line to 'None'
[1.518s] Level 5:colcon.colcon_core.verb:set package 'ldlidar_stl_ros2' build argument 'cmake_target_skip_unavailable' from command line to 'False'
[1.518s] Level 5:colcon.colcon_core.verb:set package 'ldlidar_stl_ros2' build argument 'cmake_clean_cache' from command line to 'False'
[1.518s] Level 5:colcon.colcon_core.verb:set package 'ldlidar_stl_ros2' build argument 'cmake_clean_first' from command line to 'False'
[1.518s] Level 5:colcon.colcon_core.verb:set package 'ldlidar_stl_ros2' build argument 'cmake_force_configure' from command line to 'False'
[1.518s] Level 5:colcon.colcon_core.verb:set package 'ldlidar_stl_ros2' build argument 'ament_cmake_args' from command line to 'None'
[1.518s] Level 5:colcon.colcon_core.verb:set package 'ldlidar_stl_ros2' build argument 'catkin_cmake_args' from command line to 'None'
[1.518s] Level 5:colcon.colcon_core.verb:set package 'ldlidar_stl_ros2' build argument 'catkin_skip_building_tests' from command line to 'False'
[1.518s] DEBUG:colcon.colcon_core.verb:Building package 'ldlidar_stl_ros2' with the following arguments: {'ament_cmake_args': None, 'build_base': '/home/pc/dev_src/build/ldlidar_stl_ros2', 'catkin_cmake_args': None, 'catkin_skip_building_tests': False, 'cmake_args': None, 'cmake_clean_cache': False, 'cmake_clean_first': False, 'cmake_force_configure': False, 'cmake_target': None, 'cmake_target_skip_unavailable': False, 'install_base': '/home/pc/dev_src/install/ldlidar_stl_ros2', 'merge_install': False, 'path': '/home/pc/dev_src/src/ldlidar_stl_ros2', 'symlink_install': False, 'test_result_base': None}
[1.533s] Level 5:colcon.colcon_core.verb:set package 'teleop_pc' build argument 'cmake_args' from command line to 'None'
[1.533s] Level 5:colcon.colcon_core.verb:set package 'teleop_pc' build argument 'cmake_target' from command line to 'None'
[1.533s] Level 5:colcon.colcon_core.verb:set package 'teleop_pc' build argument 'cmake_target_skip_unavailable' from command line to 'False'
[1.533s] Level 5:colcon.colcon_core.verb:set package 'teleop_pc' build argument 'cmake_clean_cache' from command line to 'False'
[1.533s] Level 5:colcon.colcon_core.verb:set package 'teleop_pc' build argument 'cmake_clean_first' from command line to 'False'
[1.533s] Level 5:colcon.colcon_core.verb:set package 'teleop_pc' build argument 'cmake_force_configure' from command line to 'False'
[1.533s] Level 5:colcon.colcon_core.verb:set package 'teleop_pc' build argument 'ament_cmake_args' from command line to 'None'
[1.533s] Level 5:colcon.colcon_core.verb:set package 'teleop_pc' build argument 'catkin_cmake_args' from command line to 'None'
[1.533s] Level 5:colcon.colcon_core.verb:set package 'teleop_pc' build argument 'catkin_skip_building_tests' from command line to 'False'
[1.533s] DEBUG:colcon.colcon_core.verb:Building package 'teleop_pc' with the following arguments: {'ament_cmake_args': None, 'build_base': '/home/pc/dev_src/build/teleop_pc', 'catkin_cmake_args': None, 'catkin_skip_building_tests': False, 'cmake_args': None, 'cmake_clean_cache': False, 'cmake_clean_first': False, 'cmake_force_configure': False, 'cmake_target': None, 'cmake_target_skip_unavailable': False, 'install_base': '/home/pc/dev_src/install/teleop_pc', 'merge_install': False, 'path': '/home/pc/dev_src/src/teleop_pc', 'symlink_install': False, 'test_result_base': None}
[1.548s] INFO:colcon.colcon_core.executor:Executing jobs using 'parallel' executor
[1.564s] DEBUG:colcon.colcon_parallel_executor.executor.parallel:run_until_complete
[1.564s] INFO:colcon.colcon_ros.task.ament_cmake.build:Building ROS package in '/home/pc/dev_src/src/ldlidar_stl_ros2' with build type 'ament_cmake'
[1.565s] INFO:colcon.colcon_cmake.task.cmake.build:Building CMake package in '/home/pc/dev_src/src/ldlidar_stl_ros2'
[1.587s] INFO:colcon.colcon_core.plugin_system:Skipping extension 'colcon_core.shell.bat': Not used on non-Windows systems
[1.587s] INFO:colcon.colcon_core.shell:Skip shell extension 'powershell' for command environment: Not usable outside of PowerShell
[1.587s] DEBUG:colcon.colcon_core.shell:Skip shell extension 'dsv' for command environment
[1.638s] INFO:colcon.colcon_ros.task.ament_python.build:Building ROS package in '/home/pc/dev_src/src/teleop_pc' with build type 'ament_python'
[1.638s] Level 1:colcon.colcon_core.shell:create_environment_hook('teleop_pc', 'ament_prefix_path')
[1.655s] INFO:colcon.colcon_core.shell:Creating environment hook '/home/pc/dev_src/install/teleop_pc/share/teleop_pc/hook/ament_prefix_path.ps1'
[1.656s] INFO:colcon.colcon_core.shell:Creating environment descriptor '/home/pc/dev_src/install/teleop_pc/share/teleop_pc/hook/ament_prefix_path.dsv'
[1.657s] INFO:colcon.colcon_core.shell:Creating environment hook '/home/pc/dev_src/install/teleop_pc/share/teleop_pc/hook/ament_prefix_path.sh'
[1.675s] INFO:colcon.colcon_core.shell:Skip shell extension 'powershell' for command environment: Not usable outside of PowerShell
[1.675s] DEBUG:colcon.colcon_core.shell:Skip shell extension 'dsv' for command environment
[1.727s] DEBUG:colcon.colcon_core.event_handler.log_command:Invoking command in '/home/pc/dev_src/build/ldlidar_stl_ros2': CMAKE_PREFIX_PATH=${CMAKE_PREFIX_PATH}:/home/pc/dev_src/install/teleop_pc:/opt/ros/humble /usr/bin/cmake /home/pc/dev_src/src/ldlidar_stl_ros2 -DCMAKE_INSTALL_PREFIX=/home/pc/dev_src/install/ldlidar_stl_ros2
[2.010s] INFO:colcon.colcon_core.task.python.build:Building Python package in '/home/pc/dev_src/src/teleop_pc'
[2.026s] INFO:colcon.colcon_core.shell:Skip shell extension 'powershell' for command environment: Not usable outside of PowerShell
[2.026s] DEBUG:colcon.colcon_core.shell:Skip shell extension 'dsv' for command environment
[2.483s] DEBUG:colcon.colcon_core.event_handler.log_command:Invoking command in '/home/pc/dev_src/build/teleop_pc': PYTHONPATH=/home/pc/dev_src/build/teleop_pc/prefix_override:/home/pc/dev_src/install/teleop_pc/lib/python3.10/site-packages:${PYTHONPATH} /usr/bin/python3 setup.py develop --uninstall --editable --build-directory /home/pc/dev_src/build/teleop_pc/build
[2.955s] DEBUG:colcon.colcon_core.event_handler.log_command:Invoked command in '/home/pc/dev_src/build/teleop_pc' returned '0': PYTHONPATH=/home/pc/dev_src/build/teleop_pc/prefix_override:/home/pc/dev_src/install/teleop_pc/lib/python3.10/site-packages:${PYTHONPATH} /usr/bin/python3 setup.py develop --uninstall --editable --build-directory /home/pc/dev_src/build/teleop_pc/build
[2.957s] DEBUG:colcon.colcon_core.event_handler.log_command:Invoking command in '/home/pc/dev_src/src/teleop_pc': PYTHONPATH=/home/pc/dev_src/build/teleop_pc/prefix_override:/home/pc/dev_src/install/teleop_pc/lib/python3.10/site-packages:${PYTHONPATH} /usr/bin/python3 setup.py egg_info --egg-base ../../build/teleop_pc build --build-base /home/pc/dev_src/build/teleop_pc/build install --record /home/pc/dev_src/build/teleop_pc/install.log --single-version-externally-managed
[3.275s] DEBUG:colcon.colcon_core.event_handler.log_command:Invoked command in '/home/pc/dev_src/src/teleop_pc' returned '0': PYTHONPATH=/home/pc/dev_src/build/teleop_pc/prefix_override:/home/pc/dev_src/install/teleop_pc/lib/python3.10/site-packages:${PYTHONPATH} /usr/bin/python3 setup.py egg_info --egg-base ../../build/teleop_pc build --build-base /home/pc/dev_src/build/teleop_pc/build install --record /home/pc/dev_src/build/teleop_pc/install.log --single-version-externally-managed
[3.301s] Level 1:colcon.colcon_core.environment:checking '/home/pc/dev_src/install/teleop_pc' for CMake module files
[3.301s] Level 1:colcon.colcon_core.environment:checking '/home/pc/dev_src/install/teleop_pc' for CMake config files
[3.302s] Level 1:colcon.colcon_core.environment:checking '/home/pc/dev_src/install/teleop_pc/lib'
[3.302s] Level 1:colcon.colcon_core.environment:checking '/home/pc/dev_src/install/teleop_pc/bin'
[3.302s] Level 1:colcon.colcon_core.environment:checking '/home/pc/dev_src/install/teleop_pc/lib/pkgconfig/teleop_pc.pc'
[3.302s] Level 1:colcon.colcon_core.environment:checking '/home/pc/dev_src/install/teleop_pc/lib/python3.10/site-packages'
[3.303s] Level 1:colcon.colcon_core.shell:create_environment_hook('teleop_pc', 'pythonpath')
[3.323s] INFO:colcon.colcon_core.shell:Creating environment hook '/home/pc/dev_src/install/teleop_pc/share/teleop_pc/hook/pythonpath.ps1'
[3.324s] INFO:colcon.colcon_core.shell:Creating environment descriptor '/home/pc/dev_src/install/teleop_pc/share/teleop_pc/hook/pythonpath.dsv'
[3.324s] INFO:colcon.colcon_core.shell:Creating environment hook '/home/pc/dev_src/install/teleop_pc/share/teleop_pc/hook/pythonpath.sh'
[3.325s] Level 1:colcon.colcon_core.environment:checking '/home/pc/dev_src/install/teleop_pc/bin'
[3.325s] Level 1:colcon.colcon_core.environment:create_environment_scripts_only(teleop_pc)
[3.352s] INFO:colcon.colcon_core.shell:Creating package script '/home/pc/dev_src/install/teleop_pc/share/teleop_pc/package.ps1'
[3.354s] INFO:colcon.colcon_core.shell:Creating package descriptor '/home/pc/dev_src/install/teleop_pc/share/teleop_pc/package.dsv'
[3.355s] INFO:colcon.colcon_core.shell:Creating package script '/home/pc/dev_src/install/teleop_pc/share/teleop_pc/package.sh'
[3.356s] INFO:colcon.colcon_core.shell:Creating package script '/home/pc/dev_src/install/teleop_pc/share/teleop_pc/package.bash'
[3.357s] INFO:colcon.colcon_core.shell:Creating package script '/home/pc/dev_src/install/teleop_pc/share/teleop_pc/package.zsh'
[3.358s] Level 1:colcon.colcon_core.environment:create_file_with_runtime_dependencies(/home/pc/dev_src/install/teleop_pc/share/colcon-core/packages/teleop_pc)
[3.908s] DEBUG:colcon.colcon_core.event_handler.log_command:Invoked command in '/home/pc/dev_src/build/ldlidar_stl_ros2' returned '0': CMAKE_PREFIX_PATH=${CMAKE_PREFIX_PATH}:/home/pc/dev_src/install/teleop_pc:/opt/ros/humble /usr/bin/cmake /home/pc/dev_src/src/ldlidar_stl_ros2 -DCMAKE_INSTALL_PREFIX=/home/pc/dev_src/install/ldlidar_stl_ros2
[3.910s] DEBUG:colcon.colcon_core.event_handler.log_command:Invoking command in '/home/pc/dev_src/build/ldlidar_stl_ros2': CMAKE_PREFIX_PATH=${CMAKE_PREFIX_PATH}:/home/pc/dev_src/install/teleop_pc:/opt/ros/humble /usr/bin/cmake --build /home/pc/dev_src/build/ldlidar_stl_ros2 -- -j2 -l2
[8.992s] DEBUG:colcon.colcon_core.event_handler.log_command:Invoked command in '/home/pc/dev_src/build/ldlidar_stl_ros2' returned '0': CMAKE_PREFIX_PATH=${CMAKE_PREFIX_PATH}:/home/pc/dev_src/install/teleop_pc:/opt/ros/humble /usr/bin/cmake --build /home/pc/dev_src/build/ldlidar_stl_ros2 -- -j2 -l2
[9.041s] DEBUG:colcon.colcon_core.event_handler.log_command:Invoking command in '/home/pc/dev_src/build/ldlidar_stl_ros2': CMAKE_PREFIX_PATH=${CMAKE_PREFIX_PATH}:/home/pc/dev_src/install/teleop_pc:/opt/ros/humble /usr/bin/cmake --install /home/pc/dev_src/build/ldlidar_stl_ros2
[9.055s] Level 1:colcon.colcon_core.environment:create_environment_scripts_only(ldlidar_stl_ros2)
[9.064s] DEBUG:colcon.colcon_core.event_handler.log_command:Invoked command in '/home/pc/dev_src/build/ldlidar_stl_ros2' returned '0': CMAKE_PREFIX_PATH=${CMAKE_PREFIX_PATH}:/home/pc/dev_src/install/teleop_pc:/opt/ros/humble /usr/bin/cmake --install /home/pc/dev_src/build/ldlidar_stl_ros2
[9.072s] Level 1:colcon.colcon_core.environment:checking '/home/pc/dev_src/install/ldlidar_stl_ros2' for CMake module files
[9.073s] Level 1:colcon.colcon_core.environment:checking '/home/pc/dev_src/install/ldlidar_stl_ros2' for CMake config files
[9.073s] Level 1:colcon.colcon_core.shell:create_environment_hook('ldlidar_stl_ros2', 'cmake_prefix_path')
[9.090s] INFO:colcon.colcon_core.shell:Creating environment hook '/home/pc/dev_src/install/ldlidar_stl_ros2/share/ldlidar_stl_ros2/hook/cmake_prefix_path.ps1'
[9.090s] INFO:colcon.colcon_core.shell:Creating environment descriptor '/home/pc/dev_src/install/ldlidar_stl_ros2/share/ldlidar_stl_ros2/hook/cmake_prefix_path.dsv'
[9.091s] INFO:colcon.colcon_core.shell:Creating environment hook '/home/pc/dev_src/install/ldlidar_stl_ros2/share/ldlidar_stl_ros2/hook/cmake_prefix_path.sh'
[9.091s] Level 1:colcon.colcon_core.environment:checking '/home/pc/dev_src/install/ldlidar_stl_ros2/lib'
[9.091s] Level 1:colcon.colcon_core.environment:checking '/home/pc/dev_src/install/ldlidar_stl_ros2/bin'
[9.091s] Level 1:colcon.colcon_core.environment:checking '/home/pc/dev_src/install/ldlidar_stl_ros2/lib/pkgconfig/ldlidar_stl_ros2.pc'
[9.091s] Level 1:colcon.colcon_core.environment:checking '/home/pc/dev_src/install/ldlidar_stl_ros2/lib/python3.10/site-packages'
[9.092s] Level 1:colcon.colcon_core.environment:checking '/home/pc/dev_src/install/ldlidar_stl_ros2/bin'
[9.107s] INFO:colcon.colcon_core.shell:Creating package script '/home/pc/dev_src/install/ldlidar_stl_ros2/share/ldlidar_stl_ros2/package.ps1'
[9.108s] INFO:colcon.colcon_core.shell:Creating package descriptor '/home/pc/dev_src/install/ldlidar_stl_ros2/share/ldlidar_stl_ros2/package.dsv'
[9.108s] INFO:colcon.colcon_core.shell:Creating package script '/home/pc/dev_src/install/ldlidar_stl_ros2/share/ldlidar_stl_ros2/package.sh'
[9.108s] INFO:colcon.colcon_core.shell:Creating package script '/home/pc/dev_src/install/ldlidar_stl_ros2/share/ldlidar_stl_ros2/package.bash'
[9.109s] INFO:colcon.colcon_core.shell:Creating package script '/home/pc/dev_src/install/ldlidar_stl_ros2/share/ldlidar_stl_ros2/package.zsh'
[9.109s] Level 1:colcon.colcon_core.environment:create_file_with_runtime_dependencies(/home/pc/dev_src/install/ldlidar_stl_ros2/share/colcon-core/packages/ldlidar_stl_ros2)
[9.162s] Level 1:colcon.colcon_core.environment:create_environment_scripts_only(ldlidar_stl_ros2)
[9.177s] Level 1:colcon.colcon_core.environment:checking '/home/pc/dev_src/install/ldlidar_stl_ros2' for CMake module files
[9.178s] Level 1:colcon.colcon_core.environment:checking '/home/pc/dev_src/install/ldlidar_stl_ros2' for CMake config files
[9.178s] Level 1:colcon.colcon_core.shell:create_environment_hook('ldlidar_stl_ros2', 'cmake_prefix_path')
[9.193s] INFO:colcon.colcon_core.shell:Creating environment hook '/home/pc/dev_src/install/ldlidar_stl_ros2/share/ldlidar_stl_ros2/hook/cmake_prefix_path.ps1'
[9.193s] INFO:colcon.colcon_core.shell:Creating environment descriptor '/home/pc/dev_src/install/ldlidar_stl_ros2/share/ldlidar_stl_ros2/hook/cmake_prefix_path.dsv'
[9.194s] INFO:colcon.colcon_core.shell:Creating environment hook '/home/pc/dev_src/install/ldlidar_stl_ros2/share/ldlidar_stl_ros2/hook/cmake_prefix_path.sh'
[9.194s] Level 1:colcon.colcon_core.environment:checking '/home/pc/dev_src/install/ldlidar_stl_ros2/lib'
[9.195s] Level 1:colcon.colcon_core.environment:checking '/home/pc/dev_src/install/ldlidar_stl_ros2/bin'
[9.195s] Level 1:colcon.colcon_core.environment:checking '/home/pc/dev_src/install/ldlidar_stl_ros2/lib/pkgconfig/ldlidar_stl_ros2.pc'
[9.195s] Level 1:colcon.colcon_core.environment:checking '/home/pc/dev_src/install/ldlidar_stl_ros2/lib/python3.10/site-packages'
[9.195s] Level 1:colcon.colcon_core.environment:checking '/home/pc/dev_src/install/ldlidar_stl_ros2/bin'
[9.210s] INFO:colcon.colcon_core.shell:Creating package script '/home/pc/dev_src/install/ldlidar_stl_ros2/share/ldlidar_stl_ros2/package.ps1'
[9.211s] INFO:colcon.colcon_core.shell:Creating package descriptor '/home/pc/dev_src/install/ldlidar_stl_ros2/share/ldlidar_stl_ros2/package.dsv'
[9.212s] INFO:colcon.colcon_core.shell:Creating package script '/home/pc/dev_src/install/ldlidar_stl_ros2/share/ldlidar_stl_ros2/package.sh'
[9.212s] INFO:colcon.colcon_core.shell:Creating package script '/home/pc/dev_src/install/ldlidar_stl_ros2/share/ldlidar_stl_ros2/package.bash'
[9.212s] INFO:colcon.colcon_core.shell:Creating package script '/home/pc/dev_src/install/ldlidar_stl_ros2/share/ldlidar_stl_ros2/package.zsh'
[9.213s] Level 1:colcon.colcon_core.environment:create_file_with_runtime_dependencies(/home/pc/dev_src/install/ldlidar_stl_ros2/share/colcon-core/packages/ldlidar_stl_ros2)
[9.213s] DEBUG:colcon.colcon_parallel_executor.executor.parallel:closing loop
[9.214s] DEBUG:colcon.colcon_parallel_executor.executor.parallel:loop closed
[9.214s] DEBUG:colcon.colcon_parallel_executor.executor.parallel:run_until_complete finished with '0'
[9.214s] DEBUG:colcon.colcon_core.event_reactor:joining thread
[9.239s] INFO:colcon.colcon_core.plugin_system:Skipping extension 'colcon_notification.desktop_notification.terminal_notifier': Not used on non-Darwin systems
[9.239s] INFO:colcon.colcon_core.plugin_system:Skipping extension 'colcon_notification.desktop_notification.win32': Not used on non-Windows systems
[9.240s] INFO:colcon.colcon_notification.desktop_notification:Sending desktop notification using 'notify2'
[9.293s] DEBUG:colcon.colcon_core.event_reactor:joined thread
[9.310s] INFO:colcon.colcon_core.shell:Creating prefix script '/home/pc/dev_src/install/local_setup.ps1'
[9.312s] INFO:colcon.colcon_core.shell:Creating prefix util module '/home/pc/dev_src/install/_local_setup_util_ps1.py'
[9.315s] INFO:colcon.colcon_core.shell:Creating prefix chain script '/home/pc/dev_src/install/setup.ps1'
[9.332s] INFO:colcon.colcon_core.shell:Creating prefix script '/home/pc/dev_src/install/local_setup.sh'
[9.333s] INFO:colcon.colcon_core.shell:Creating prefix util module '/home/pc/dev_src/install/_local_setup_util_sh.py'
[9.334s] INFO:colcon.colcon_core.shell:Creating prefix chain script '/home/pc/dev_src/install/setup.sh'
[9.351s] INFO:colcon.colcon_core.shell:Creating prefix script '/home/pc/dev_src/install/local_setup.bash'
[9.352s] INFO:colcon.colcon_core.shell:Creating prefix chain script '/home/pc/dev_src/install/setup.bash'
[9.369s] INFO:colcon.colcon_core.shell:Creating prefix script '/home/pc/dev_src/install/local_setup.zsh'
[9.370s] INFO:colcon.colcon_core.shell:Creating prefix chain script '/home/pc/dev_src/install/setup.zsh'
