[0.762s] Invoking command in '/home/pc/dev_src/src/teleop_pc': PYTHONPATH=/home/pc/dev_src/build/teleop_pc/prefix_override:/home/pc/dev_src/install/teleop_pc/lib/python3.10/site-packages:${PYTHONPATH} /usr/bin/python3 setup.py egg_info --egg-base ../../build/teleop_pc build --build-base /home/pc/dev_src/build/teleop_pc/build install --record /home/pc/dev_src/build/teleop_pc/install.log --single-version-externally-managed
[0.991s] running egg_info
[0.992s] writing ../../build/teleop_pc/teleop_pc.egg-info/PKG-INFO
[0.993s] writing dependency_links to ../../build/teleop_pc/teleop_pc.egg-info/dependency_links.txt
[0.993s] writing entry points to ../../build/teleop_pc/teleop_pc.egg-info/entry_points.txt
[0.994s] writing requirements to ../../build/teleop_pc/teleop_pc.egg-info/requires.txt
[0.995s] writing top-level names to ../../build/teleop_pc/teleop_pc.egg-info/top_level.txt
[0.998s] reading manifest file '../../build/teleop_pc/teleop_pc.egg-info/SOURCES.txt'
[0.999s] writing manifest file '../../build/teleop_pc/teleop_pc.egg-info/SOURCES.txt'
[0.999s] running build
[0.999s] running build_py
[1.000s] running install
[1.001s] /usr/lib/python3/dist-packages/setuptools/command/install.py:34: SetuptoolsDeprecationWarning: setup.py install is deprecated. Use build and pip and other standards-based tools.
[1.001s]   warnings.warn(
[1.001s] running install_lib
[1.003s] running install_data
[1.003s] running install_egg_info
[1.005s] removing '/home/pc/dev_src/install/teleop_pc/lib/python3.10/site-packages/teleop_pc-0.0.0-py3.10.egg-info' (and everything under it)
[1.007s] Copying ../../build/teleop_pc/teleop_pc.egg-info to /home/pc/dev_src/install/teleop_pc/lib/python3.10/site-packages/teleop_pc-0.0.0-py3.10.egg-info
[1.010s] running install_scripts
[1.030s] Installing teleop_pc_node script to /home/pc/dev_src/install/teleop_pc/lib/teleop_pc
[1.033s] writing list of installed files to '/home/pc/dev_src/build/teleop_pc/install.log'
[1.057s] Invoked command in '/home/pc/dev_src/src/teleop_pc' returned '0': PYTHONPATH=/home/pc/dev_src/build/teleop_pc/prefix_override:/home/pc/dev_src/install/teleop_pc/lib/python3.10/site-packages:${PYTHONPATH} /usr/bin/python3 setup.py egg_info --egg-base ../../build/teleop_pc build --build-base /home/pc/dev_src/build/teleop_pc/build install --record /home/pc/dev_src/build/teleop_pc/install.log --single-version-externally-managed
