running egg_info
writing ../../build/teleop_pc/teleop_pc.egg-info/PKG-INFO
writing dependency_links to ../../build/teleop_pc/teleop_pc.egg-info/dependency_links.txt
writing entry points to ../../build/teleop_pc/teleop_pc.egg-info/entry_points.txt
writing requirements to ../../build/teleop_pc/teleop_pc.egg-info/requires.txt
writing top-level names to ../../build/teleop_pc/teleop_pc.egg-info/top_level.txt
reading manifest file '../../build/teleop_pc/teleop_pc.egg-info/SOURCES.txt'
writing manifest file '../../build/teleop_pc/teleop_pc.egg-info/SOURCES.txt'
running build
running build_py
copying teleop_pc/teleop_pc_node.py -> /home/pc/dev_src/build/teleop_pc/build/lib/teleop_pc
running install
running install_lib
copying /home/pc/dev_src/build/teleop_pc/build/lib/teleop_pc/teleop_pc_node.py -> /home/pc/dev_src/install/teleop_pc/lib/python3.10/site-packages/teleop_pc
byte-compiling /home/pc/dev_src/install/teleop_pc/lib/python3.10/site-packages/teleop_pc/teleop_pc_node.py to teleop_pc_node.cpython-310.pyc
running install_data
running install_egg_info
removing '/home/pc/dev_src/install/teleop_pc/lib/python3.10/site-packages/teleop_pc-0.0.0-py3.10.egg-info' (and everything under it)
Copying ../../build/teleop_pc/teleop_pc.egg-info to /home/pc/dev_src/install/teleop_pc/lib/python3.10/site-packages/teleop_pc-0.0.0-py3.10.egg-info
running install_scripts
Installing test_node script to /home/pc/dev_src/install/teleop_pc/lib/teleop_pc
writing list of installed files to '/home/pc/dev_src/build/teleop_pc/install.log'
