[0.764s] Invoking command in '/home/pc/dev_src/src/teleop_pc': PYTHONPATH=/home/pc/dev_src/build/teleop_pc/prefix_override:/home/pc/dev_src/install/teleop_pc/lib/python3.10/site-packages:${PYTHONPATH} /usr/bin/python3 setup.py egg_info --egg-base ../../build/teleop_pc build --build-base /home/pc/dev_src/build/teleop_pc/build install --record /home/pc/dev_src/build/teleop_pc/install.log --single-version-externally-managed
[1.000s] running egg_info
[1.001s] writing ../../build/teleop_pc/teleop_pc.egg-info/PKG-INFO
[1.002s] writing dependency_links to ../../build/teleop_pc/teleop_pc.egg-info/dependency_links.txt
[1.002s] writing entry points to ../../build/teleop_pc/teleop_pc.egg-info/entry_points.txt
[1.002s] writing requirements to ../../build/teleop_pc/teleop_pc.egg-info/requires.txt
[1.002s] writing top-level names to ../../build/teleop_pc/teleop_pc.egg-info/top_level.txt
[1.004s] reading manifest file '../../build/teleop_pc/teleop_pc.egg-info/SOURCES.txt'
[1.006s] writing manifest file '../../build/teleop_pc/teleop_pc.egg-info/SOURCES.txt'
[1.006s] running build
[1.006s] running build_py
[1.008s] copying teleop_pc/teleop_pc_node.py -> /home/pc/dev_src/build/teleop_pc/build/lib/teleop_pc
[1.008s] running install
[1.008s] /usr/lib/python3/dist-packages/setuptools/command/install.py:34: SetuptoolsDeprecationWarning: setup.py install is deprecated. Use build and pip and other standards-based tools.
[1.008s]   warnings.warn(
[1.009s] running install_lib
[1.010s] copying /home/pc/dev_src/build/teleop_pc/build/lib/teleop_pc/teleop_pc_node.py -> /home/pc/dev_src/install/teleop_pc/lib/python3.10/site-packages/teleop_pc
[1.010s] byte-compiling /home/pc/dev_src/install/teleop_pc/lib/python3.10/site-packages/teleop_pc/teleop_pc_node.py to teleop_pc_node.cpython-310.pyc
[1.011s] running install_data
[1.012s] running install_egg_info
[1.013s] removing '/home/pc/dev_src/install/teleop_pc/lib/python3.10/site-packages/teleop_pc-0.0.0-py3.10.egg-info' (and everything under it)
[1.013s] Copying ../../build/teleop_pc/teleop_pc.egg-info to /home/pc/dev_src/install/teleop_pc/lib/python3.10/site-packages/teleop_pc-0.0.0-py3.10.egg-info
[1.014s] running install_scripts
[1.035s] Installing test_node script to /home/pc/dev_src/install/teleop_pc/lib/teleop_pc
[1.035s] writing list of installed files to '/home/pc/dev_src/build/teleop_pc/install.log'
[1.062s] Invoked command in '/home/pc/dev_src/src/teleop_pc' returned '0': PYTHONPATH=/home/pc/dev_src/build/teleop_pc/prefix_override:/home/pc/dev_src/install/teleop_pc/lib/python3.10/site-packages:${PYTHONPATH} /usr/bin/python3 setup.py egg_info --egg-base ../../build/teleop_pc build --build-base /home/pc/dev_src/build/teleop_pc/build install --record /home/pc/dev_src/build/teleop_pc/install.log --single-version-externally-managed
